<?xml version="1.0" encoding="UTF-8"?>
<TestRun id="aafe574f-92e4-4fdd-8cbf-06f59994e861" name="Nemanja@DNEVNA-SOBA 2014-04-02 00:34:42" runUser="DNEVNA-SOBA\Nemanja" xmlns="http://microsoft.com/schemas/VisualStudio/TeamTest/2010">
  <TestSettings name="Local" id="e92095fd-dfc3-4560-8d1f-742883501953">
    <Description>These are default test settings for a local test run.</Description>
    <Deployment enabled="false" runDeploymentRoot="Nemanja_DNEVNA-SOBA 2014-04-02 00_34_42">
      <DeploymentItem filename="C:\Projekti\PolovniAutomobili\trunk\PolAutData\bin\Debug\PolAutData.dll" />
    </Deployment>
    <Execution>
      <TestTypeSpecific />
      <AgentRule name="Execution Agents">
      </AgentRule>
    </Execution>
  </TestSettings>
  <Times creation="2014-04-02T00:34:42.7343750+02:00" queuing="2014-04-02T00:34:42.7656250+02:00" start="2014-04-02T00:34:43.0781250+02:00" finish="2014-04-02T00:34:45.1875000+02:00" />
  <ResultSummary outcome="Completed">
    <Counters total="7" executed="7" passed="7" error="0" failed="0" timeout="0" aborted="0" inconclusive="0" passedButRunAborted="0" notRunnable="0" notExecuted="0" disconnected="0" warning="0" completed="0" inProgress="0" pending="0" />
  </ResultSummary>
  <TestDefinitions>
    <UnitTest name="DropTestTable" storage="c:\projekti\polovniautomobili\trunk\polautdatatest\bin\debug\testproject1.dll" id="b9d3826e-3e73-ce77-ad2b-94c635f7b968">
      <Execution id="d48619ec-a489-4c15-a033-9620e0cb247a" />
      <TestMethod codeBase="C:/Projekti/PolovniAutomobili/trunk/PolAutDataTest/bin/Debug/TestProject1.DLL" adapterTypeName="Microsoft.VisualStudio.TestTools.TestTypes.Unit.UnitTestAdapter, Microsoft.VisualStudio.QualityTools.Tips.UnitTest.Adapter, Version=10.0.0.0, Culture=neutral, PublicKeyToken=b03f5f7f11d50a3a" className="PolAutDataTest.Provider.Firebird.TestDataFirebird, TestProject1, Version=1.0.0.0, Culture=neutral, PublicKeyToken=null" name="DropTestTable" />
    </UnitTest>
    <UnitTest name="InsertRowInTestTable" storage="c:\projekti\polovniautomobili\trunk\polautdatatest\bin\debug\testproject1.dll" id="f45de7aa-3c98-f035-347c-56ba731807b8">
      <Execution id="30c8fbd0-9279-4296-a76f-d0c793eee893" />
      <TestMethod codeBase="C:/Projekti/PolovniAutomobili/trunk/PolAutDataTest/bin/Debug/TestProject1.DLL" adapterTypeName="Microsoft.VisualStudio.TestTools.TestTypes.Unit.UnitTestAdapter, Microsoft.VisualStudio.QualityTools.Tips.UnitTest.Adapter, Version=10.0.0.0, Culture=neutral, PublicKeyToken=b03f5f7f11d50a3a" className="PolAutDataTest.Provider.Firebird.TestDataFirebird, TestProject1, Version=1.0.0.0, Culture=neutral, PublicKeyToken=null" name="InsertRowInTestTable" />
    </UnitTest>
    <UnitTest name="CloseConnection" storage="c:\projekti\polovniautomobili\trunk\polautdatatest\bin\debug\testproject1.dll" id="6c46d5aa-8e61-7ba9-376d-9b38de20e8da">
      <Execution id="26dc4ee7-c09d-4824-bc72-3abc0f6666a5" />
      <TestMethod codeBase="C:/Projekti/PolovniAutomobili/trunk/PolAutDataTest/bin/Debug/TestProject1.DLL" adapterTypeName="Microsoft.VisualStudio.TestTools.TestTypes.Unit.UnitTestAdapter, Microsoft.VisualStudio.QualityTools.Tips.UnitTest.Adapter, Version=10.0.0.0, Culture=neutral, PublicKeyToken=b03f5f7f11d50a3a" className="PolAutDataTest.Provider.Firebird.TestDataFirebird, TestProject1, Version=1.0.0.0, Culture=neutral, PublicKeyToken=null" name="CloseConnection" />
    </UnitTest>
    <UnitTest name="OpenConnection" storage="c:\projekti\polovniautomobili\trunk\polautdatatest\bin\debug\testproject1.dll" id="735ecec0-232a-13fd-18ba-fc6df8e2434b">
      <Execution id="c3933183-4313-47ec-ac96-ebe7c3f6f7c7" />
      <TestMethod codeBase="C:/Projekti/PolovniAutomobili/trunk/PolAutDataTest/bin/Debug/TestProject1.DLL" adapterTypeName="Microsoft.VisualStudio.TestTools.TestTypes.Unit.UnitTestAdapter, Microsoft.VisualStudio.QualityTools.Tips.UnitTest.Adapter, Version=10.0.0.0, Culture=neutral, PublicKeyToken=b03f5f7f11d50a3a" className="PolAutDataTest.Provider.Firebird.TestDataFirebird, TestProject1, Version=1.0.0.0, Culture=neutral, PublicKeyToken=null" name="OpenConnection" />
    </UnitTest>
    <OrderedTest name="OrderedTest1" storage="c:\projekti\polovniautomobili\trunk\polautdatatest\orderedtest1.orderedtest" id="b42cccd0-bb62-4eaf-a32b-c4071797a652" continueAfterFailure="true">
      <Execution id="a0cec782-0730-4bb6-add8-23d1b0869260" />
      <TestLinks>
        <TestLink id="735ecec0-232a-13fd-18ba-fc6df8e2434b" name="OpenConnection" storage="bin\debug\testproject1.dll" type="Microsoft.VisualStudio.TestTools.TestTypes.Unit.UnitTestElement, Microsoft.VisualStudio.QualityTools.Tips.UnitTest.ObjectModel, Version=10.0.0.0, Culture=neutral, PublicKeyToken=b03f5f7f11d50a3a" />
        <TestLink id="6c46d5aa-8e61-7ba9-376d-9b38de20e8da" name="CloseConnection" storage="bin\debug\testproject1.dll" type="Microsoft.VisualStudio.TestTools.TestTypes.Unit.UnitTestElement, Microsoft.VisualStudio.QualityTools.Tips.UnitTest.ObjectModel, Version=10.0.0.0, Culture=neutral, PublicKeyToken=b03f5f7f11d50a3a" />
        <TestLink id="86526eb2-0c5b-0103-2c37-b8117662b8c8" name="DatabaseVersionIs_2_5_0" storage="bin\debug\testproject1.dll" type="Microsoft.VisualStudio.TestTools.TestTypes.Unit.UnitTestElement, Microsoft.VisualStudio.QualityTools.Tips.UnitTest.ObjectModel, Version=10.0.0.0, Culture=neutral, PublicKeyToken=b03f5f7f11d50a3a" />
        <TestLink id="9574a0b1-25f0-7042-a6f9-5c873bbbac0a" name="CreateTestTable" storage="bin\debug\testproject1.dll" type="Microsoft.VisualStudio.TestTools.TestTypes.Unit.UnitTestElement, Microsoft.VisualStudio.QualityTools.Tips.UnitTest.ObjectModel, Version=10.0.0.0, Culture=neutral, PublicKeyToken=b03f5f7f11d50a3a" />
        <TestLink id="f45de7aa-3c98-f035-347c-56ba731807b8" name="InsertRowInTestTable" storage="bin\debug\testproject1.dll" type="Microsoft.VisualStudio.TestTools.TestTypes.Unit.UnitTestElement, Microsoft.VisualStudio.QualityTools.Tips.UnitTest.ObjectModel, Version=10.0.0.0, Culture=neutral, PublicKeyToken=b03f5f7f11d50a3a" />
        <TestLink id="b9d3826e-3e73-ce77-ad2b-94c635f7b968" name="DropTestTable" storage="bin\debug\testproject1.dll" type="Microsoft.VisualStudio.TestTools.TestTypes.Unit.UnitTestElement, Microsoft.VisualStudio.QualityTools.Tips.UnitTest.ObjectModel, Version=10.0.0.0, Culture=neutral, PublicKeyToken=b03f5f7f11d50a3a" />
      </TestLinks>
    </OrderedTest>
    <UnitTest name="DatabaseVersionIs_2_5_0" storage="c:\projekti\polovniautomobili\trunk\polautdatatest\bin\debug\testproject1.dll" id="86526eb2-0c5b-0103-2c37-b8117662b8c8">
      <Execution id="20c4cfbd-eefd-4370-bcfa-dc3cd5042b5e" />
      <TestMethod codeBase="C:/Projekti/PolovniAutomobili/trunk/PolAutDataTest/bin/Debug/TestProject1.DLL" adapterTypeName="Microsoft.VisualStudio.TestTools.TestTypes.Unit.UnitTestAdapter, Microsoft.VisualStudio.QualityTools.Tips.UnitTest.Adapter, Version=10.0.0.0, Culture=neutral, PublicKeyToken=b03f5f7f11d50a3a" className="PolAutDataTest.Provider.Firebird.TestDataFirebird, TestProject1, Version=1.0.0.0, Culture=neutral, PublicKeyToken=null" name="DatabaseVersionIs_2_5_0" />
    </UnitTest>
    <UnitTest name="CreateTestTable" storage="c:\projekti\polovniautomobili\trunk\polautdatatest\bin\debug\testproject1.dll" id="9574a0b1-25f0-7042-a6f9-5c873bbbac0a">
      <Execution id="67747c3b-2cd2-4d3a-8fcb-18b922d8a01b" />
      <TestMethod codeBase="C:/Projekti/PolovniAutomobili/trunk/PolAutDataTest/bin/Debug/TestProject1.DLL" adapterTypeName="Microsoft.VisualStudio.TestTools.TestTypes.Unit.UnitTestAdapter, Microsoft.VisualStudio.QualityTools.Tips.UnitTest.Adapter, Version=10.0.0.0, Culture=neutral, PublicKeyToken=b03f5f7f11d50a3a" className="PolAutDataTest.Provider.Firebird.TestDataFirebird, TestProject1, Version=1.0.0.0, Culture=neutral, PublicKeyToken=null" name="CreateTestTable" />
    </UnitTest>
  </TestDefinitions>
  <TestLists>
    <TestList name="Results Not in a List" id="8c84fa94-04c1-424b-9868-57a2d4851a1d" />
    <TestList name="All Loaded Results" id="19431567-8539-422a-85d7-44ee4e166bda" />
  </TestLists>
  <TestEntries>
    <TestEntry testId="b42cccd0-bb62-4eaf-a32b-c4071797a652" executionId="a0cec782-0730-4bb6-add8-23d1b0869260" testListId="8c84fa94-04c1-424b-9868-57a2d4851a1d">
      <TestEntries>
        <TestEntry testId="735ecec0-232a-13fd-18ba-fc6df8e2434b" executionId="b0a562e3-a8d8-4774-bdfe-117a51ed169f" parentExecutionId="a0cec782-0730-4bb6-add8-23d1b0869260" testListId="8c84fa94-04c1-424b-9868-57a2d4851a1d" />
        <TestEntry testId="6c46d5aa-8e61-7ba9-376d-9b38de20e8da" executionId="790fa213-d062-4b87-ab9c-57c175fba09a" parentExecutionId="a0cec782-0730-4bb6-add8-23d1b0869260" testListId="8c84fa94-04c1-424b-9868-57a2d4851a1d" />
        <TestEntry testId="86526eb2-0c5b-0103-2c37-b8117662b8c8" executionId="0f1e72f0-6f7b-4278-931b-2ec5ecc60b54" parentExecutionId="a0cec782-0730-4bb6-add8-23d1b0869260" testListId="8c84fa94-04c1-424b-9868-57a2d4851a1d" />
        <TestEntry testId="9574a0b1-25f0-7042-a6f9-5c873bbbac0a" executionId="c50d7389-f32e-4256-9693-d4b145f5f9f8" parentExecutionId="a0cec782-0730-4bb6-add8-23d1b0869260" testListId="8c84fa94-04c1-424b-9868-57a2d4851a1d" />
        <TestEntry testId="f45de7aa-3c98-f035-347c-56ba731807b8" executionId="9171ff8c-75c4-4172-9735-f730b6d23182" parentExecutionId="a0cec782-0730-4bb6-add8-23d1b0869260" testListId="8c84fa94-04c1-424b-9868-57a2d4851a1d" />
        <TestEntry testId="b9d3826e-3e73-ce77-ad2b-94c635f7b968" executionId="31f0d923-6c32-4813-bcf9-9c5881b375fc" parentExecutionId="a0cec782-0730-4bb6-add8-23d1b0869260" testListId="8c84fa94-04c1-424b-9868-57a2d4851a1d" />
      </TestEntries>
    </TestEntry>
  </TestEntries>
  <Results>
    <TestResultAggregation executionId="a0cec782-0730-4bb6-add8-23d1b0869260" testId="b42cccd0-bb62-4eaf-a32b-c4071797a652" testName="OrderedTest1" computerName="DNEVNA-SOBA" duration="00:00:01.4685472" startTime="2014-04-02T00:34:43.4531250+02:00" endTime="2014-04-02T00:34:44.9687500+02:00" testType="ec4800e8-40e5-4ab3-8510-b8bf29b1904d" outcome="Passed" testListId="8c84fa94-04c1-424b-9868-57a2d4851a1d" relativeResultsDirectory="a0cec782-0730-4bb6-add8-23d1b0869260">
      <Counters error="0" failed="0" timeout="0" aborted="0" inconclusive="0" passedButRunAborted="0" notRunnable="0" notExecuted="0" disconnected="0" warning="0" passed="6" completed="0" inProgress="0" pending="0" />
      <InnerResults>
        <UnitTestResult executionId="b0a562e3-a8d8-4774-bdfe-117a51ed169f" parentExecutionId="a0cec782-0730-4bb6-add8-23d1b0869260" testId="735ecec0-232a-13fd-18ba-fc6df8e2434b" testName="OpenConnection" computerName="DNEVNA-SOBA" duration="00:00:00.2940965" startTime="2014-04-02T00:34:43.5000000+02:00" endTime="2014-04-02T00:34:44.1093750+02:00" testType="13cdc9d9-ddb5-4fa4-a97d-d965ccfc6d4b" outcome="Passed" testListId="8c84fa94-04c1-424b-9868-57a2d4851a1d" relativeResultsDirectory="b0a562e3-a8d8-4774-bdfe-117a51ed169f">
          <Output>
          </Output>
        </UnitTestResult>
        <UnitTestResult executionId="790fa213-d062-4b87-ab9c-57c175fba09a" parentExecutionId="a0cec782-0730-4bb6-add8-23d1b0869260" testId="6c46d5aa-8e61-7ba9-376d-9b38de20e8da" testName="CloseConnection" computerName="DNEVNA-SOBA" duration="00:00:00.1426893" startTime="2014-04-02T00:34:44.1250000+02:00" endTime="2014-04-02T00:34:44.2812500+02:00" testType="13cdc9d9-ddb5-4fa4-a97d-d965ccfc6d4b" outcome="Passed" testListId="8c84fa94-04c1-424b-9868-57a2d4851a1d" relativeResultsDirectory="790fa213-d062-4b87-ab9c-57c175fba09a">
          <Output>
          </Output>
        </UnitTestResult>
        <UnitTestResult executionId="0f1e72f0-6f7b-4278-931b-2ec5ecc60b54" parentExecutionId="a0cec782-0730-4bb6-add8-23d1b0869260" testId="86526eb2-0c5b-0103-2c37-b8117662b8c8" testName="DatabaseVersionIs_2_5_0" computerName="DNEVNA-SOBA" duration="00:00:00.1151232" startTime="2014-04-02T00:34:44.2812500+02:00" endTime="2014-04-02T00:34:44.4062500+02:00" testType="13cdc9d9-ddb5-4fa4-a97d-d965ccfc6d4b" outcome="Passed" testListId="8c84fa94-04c1-424b-9868-57a2d4851a1d" relativeResultsDirectory="0f1e72f0-6f7b-4278-931b-2ec5ecc60b54">
          <Output>
          </Output>
        </UnitTestResult>
        <UnitTestResult executionId="c50d7389-f32e-4256-9693-d4b145f5f9f8" parentExecutionId="a0cec782-0730-4bb6-add8-23d1b0869260" testId="9574a0b1-25f0-7042-a6f9-5c873bbbac0a" testName="CreateTestTable" computerName="DNEVNA-SOBA" duration="00:00:00.3048379" startTime="2014-04-02T00:34:44.4062500+02:00" endTime="2014-04-02T00:34:44.7187500+02:00" testType="13cdc9d9-ddb5-4fa4-a97d-d965ccfc6d4b" outcome="Passed" testListId="8c84fa94-04c1-424b-9868-57a2d4851a1d" relativeResultsDirectory="c50d7389-f32e-4256-9693-d4b145f5f9f8">
          <Output>
          </Output>
        </UnitTestResult>
        <UnitTestResult executionId="9171ff8c-75c4-4172-9735-f730b6d23182" parentExecutionId="a0cec782-0730-4bb6-add8-23d1b0869260" testId="f45de7aa-3c98-f035-347c-56ba731807b8" testName="InsertRowInTestTable" computerName="DNEVNA-SOBA" duration="00:00:00.0644919" startTime="2014-04-02T00:34:44.7187500+02:00" endTime="2014-04-02T00:34:44.8125000+02:00" testType="13cdc9d9-ddb5-4fa4-a97d-d965ccfc6d4b" outcome="Passed" testListId="8c84fa94-04c1-424b-9868-57a2d4851a1d" relativeResultsDirectory="9171ff8c-75c4-4172-9735-f730b6d23182">
          <Output>
          </Output>
        </UnitTestResult>
        <UnitTestResult executionId="31f0d923-6c32-4813-bcf9-9c5881b375fc" parentExecutionId="a0cec782-0730-4bb6-add8-23d1b0869260" testId="b9d3826e-3e73-ce77-ad2b-94c635f7b968" testName="DropTestTable" computerName="DNEVNA-SOBA" duration="00:00:00.1442309" startTime="2014-04-02T00:34:44.8125000+02:00" endTime="2014-04-02T00:34:44.9687500+02:00" testType="13cdc9d9-ddb5-4fa4-a97d-d965ccfc6d4b" outcome="Passed" testListId="8c84fa94-04c1-424b-9868-57a2d4851a1d" relativeResultsDirectory="31f0d923-6c32-4813-bcf9-9c5881b375fc">
          <Output>
          </Output>
        </UnitTestResult>
      </InnerResults>
    </TestResultAggregation>
  </Results>
</TestRun>