<?xml version="1.0" encoding="UTF-8"?>
<TestRun id="c19bce33-3a25-40de-8f9e-bfd99c548d6a" name="Nemanja@DNEVNA-SOBA 2014-03-01 02:15:10" runUser="DNEVNA-SOBA\Nemanja" xmlns="http://microsoft.com/schemas/VisualStudio/TeamTest/2010">
  <TestSettings name="Local" id="e92095fd-dfc3-4560-8d1f-742883501953">
    <Description>These are default test settings for a local test run.</Description>
    <Deployment enabled="false" runDeploymentRoot="Nemanja_DNEVNA-SOBA 2014-03-01 02_15_10">
      <DeploymentItem filename="C:\Documents and Settings\Nemanja\My Documents\Visual Studio 2008\Projects\PolovniAutomobili\PolAutData\bin\Debug\PolAutData.dll" />
    </Deployment>
    <Execution>
      <TestTypeSpecific />
      <AgentRule name="Execution Agents">
      </AgentRule>
    </Execution>
  </TestSettings>
  <Times creation="2014-03-01T02:15:10.2187500+01:00" queuing="2014-03-01T02:15:13.0781250+01:00" start="2014-03-01T02:15:13.5468750+01:00" finish="2014-03-01T02:15:51.8281250+01:00" />
  <ResultSummary outcome="Error">
    <Counters total="1" executed="1" error="0" failed="0" timeout="0" aborted="1" inconclusive="0" passedButRunAborted="0" notRunnable="0" notExecuted="0" disconnected="0" warning="0" passed="0" completed="0" inProgress="0" pending="0" />
    <RunInfos>
      <RunInfo computerName="DNEVNA-SOBA" outcome="Error" timestamp="2014-03-01T02:15:51.8281250+01:00">
        <Text>Test host process exited unexpectedly.</Text>
      </RunInfo>
    </RunInfos>
  </ResultSummary>
  <TestDefinitions>
    <UnitTest name="OpenConnection" storage="c:\documents and settings\nemanja\my documents\visual studio 2008\projects\polovniautomobili\polautdatatest\bin\debug\testproject1.dll" id="53dc12fa-38cb-6ac0-e861-f7a415fc515d">
      <Execution id="7f4a29c3-7600-4a8f-bd69-1262c933c129" />
      <TestMethod codeBase="C:/Documents and Settings/Nemanja/My Documents/Visual Studio 2008/Projects/PolovniAutomobili/PolAutDataTest/bin/Debug/TestProject1.DLL" adapterTypeName="Microsoft.VisualStudio.TestTools.TestTypes.Unit.UnitTestAdapter, Microsoft.VisualStudio.QualityTools.Tips.UnitTest.Adapter, Version=10.0.0.0, Culture=neutral, PublicKeyToken=b03f5f7f11d50a3a" className="PolAutDataTest.Providers.Firebird.TestDataFirebird, TestProject1, Version=1.0.0.0, Culture=neutral, PublicKeyToken=null" name="OpenConnection" />
    </UnitTest>
  </TestDefinitions>
  <TestLists>
    <TestList name="Results Not in a List" id="8c84fa94-04c1-424b-9868-57a2d4851a1d" />
    <TestList name="All Loaded Results" id="19431567-8539-422a-85d7-44ee4e166bda" />
  </TestLists>
  <TestEntries>
    <TestEntry testId="53dc12fa-38cb-6ac0-e861-f7a415fc515d" executionId="7f4a29c3-7600-4a8f-bd69-1262c933c129" testListId="8c84fa94-04c1-424b-9868-57a2d4851a1d" />
  </TestEntries>
  <Results>
    <UnitTestResult executionId="7f4a29c3-7600-4a8f-bd69-1262c933c129" testId="53dc12fa-38cb-6ac0-e861-f7a415fc515d" testName="OpenConnection" computerName="DNEVNA-SOBA" duration="00:00:38.0625000" startTime="2014-03-01T02:15:13.7656250+01:00" endTime="2014-03-01T02:15:51.8281250+01:00" testType="13cdc9d9-ddb5-4fa4-a97d-d965ccfc6d4b" outcome="Aborted" testListId="8c84fa94-04c1-424b-9868-57a2d4851a1d" relativeResultsDirectory="7f4a29c3-7600-4a8f-bd69-1262c933c129">
    </UnitTestResult>
  </Results>
</TestRun>