<?xml version="1.0" encoding="UTF-8"?>
<TestRun id="42f29048-18e2-4885-b7a7-6a37443fc213" name="Nemanja@DNEVNA-SOBA 2014-04-02 00:33:19" runUser="DNEVNA-SOBA\Nemanja" xmlns="http://microsoft.com/schemas/VisualStudio/TeamTest/2010">
  <TestSettings name="Local" id="e92095fd-dfc3-4560-8d1f-742883501953">
    <Description>These are default test settings for a local test run.</Description>
    <Deployment enabled="false" runDeploymentRoot="Nemanja_DNEVNA-SOBA 2014-04-02 00_33_19">
      <DeploymentItem filename="C:\Projekti\PolovniAutomobili\trunk\PolAutData\bin\Debug\PolAutData.dll" />
    </Deployment>
    <Execution>
      <TestTypeSpecific />
      <AgentRule name="Execution Agents">
      </AgentRule>
    </Execution>
  </TestSettings>
  <Times creation="2014-04-02T00:33:19.3906250+02:00" queuing="2014-04-02T00:33:19.5000000+02:00" start="2014-04-02T00:33:20.1093750+02:00" finish="2014-04-02T00:33:22.1250000+02:00" />
  <ResultSummary outcome="Failed">
    <Counters total="7" executed="5" passed="3" error="0" failed="2" timeout="0" aborted="0" inconclusive="0" passedButRunAborted="0" notRunnable="0" notExecuted="2" disconnected="0" warning="0" completed="0" inProgress="0" pending="0" />
  </ResultSummary>
  <TestDefinitions>
    <UnitTest name="DropTestTable" storage="c:\projekti\polovniautomobili\trunk\polautdatatest\bin\debug\testproject1.dll" id="b9d3826e-3e73-ce77-ad2b-94c635f7b968">
      <TestMethod codeBase="C:/Projekti/PolovniAutomobili/trunk/PolAutDataTest/bin/Debug/TestProject1.DLL" adapterTypeName="Microsoft.VisualStudio.TestTools.TestTypes.Unit.UnitTestAdapter, Microsoft.VisualStudio.QualityTools.Tips.UnitTest.Adapter, Version=10.0.0.0, Culture=neutral, PublicKeyToken=b03f5f7f11d50a3a" className="PolAutDataTest.Provider.Firebird.TestDataFirebird, TestProject1, Version=1.0.0.0, Culture=neutral, PublicKeyToken=null" name="DropTestTable" />
    </UnitTest>
    <UnitTest name="InsertRowInTestTable" storage="c:\projekti\polovniautomobili\trunk\polautdatatest\bin\debug\testproject1.dll" id="f45de7aa-3c98-f035-347c-56ba731807b8">
      <TestMethod codeBase="C:/Projekti/PolovniAutomobili/trunk/PolAutDataTest/bin/Debug/TestProject1.DLL" adapterTypeName="Microsoft.VisualStudio.TestTools.TestTypes.Unit.UnitTestAdapter, Microsoft.VisualStudio.QualityTools.Tips.UnitTest.Adapter, Version=10.0.0.0, Culture=neutral, PublicKeyToken=b03f5f7f11d50a3a" className="PolAutDataTest.Provider.Firebird.TestDataFirebird, TestProject1, Version=1.0.0.0, Culture=neutral, PublicKeyToken=null" name="InsertRowInTestTable" />
    </UnitTest>
    <UnitTest name="CloseConnection" storage="c:\projekti\polovniautomobili\trunk\polautdatatest\bin\debug\testproject1.dll" id="6c46d5aa-8e61-7ba9-376d-9b38de20e8da">
      <TestMethod codeBase="C:/Projekti/PolovniAutomobili/trunk/PolAutDataTest/bin/Debug/TestProject1.DLL" adapterTypeName="Microsoft.VisualStudio.TestTools.TestTypes.Unit.UnitTestAdapter, Microsoft.VisualStudio.QualityTools.Tips.UnitTest.Adapter, Version=10.0.0.0, Culture=neutral, PublicKeyToken=b03f5f7f11d50a3a" className="PolAutDataTest.Provider.Firebird.TestDataFirebird, TestProject1, Version=1.0.0.0, Culture=neutral, PublicKeyToken=null" name="CloseConnection" />
    </UnitTest>
    <UnitTest name="OpenConnection" storage="c:\projekti\polovniautomobili\trunk\polautdatatest\bin\debug\testproject1.dll" id="735ecec0-232a-13fd-18ba-fc6df8e2434b">
      <TestMethod codeBase="C:/Projekti/PolovniAutomobili/trunk/PolAutDataTest/bin/Debug/TestProject1.DLL" adapterTypeName="Microsoft.VisualStudio.TestTools.TestTypes.Unit.UnitTestAdapter, Microsoft.VisualStudio.QualityTools.Tips.UnitTest.Adapter, Version=10.0.0.0, Culture=neutral, PublicKeyToken=b03f5f7f11d50a3a" className="PolAutDataTest.Provider.Firebird.TestDataFirebird, TestProject1, Version=1.0.0.0, Culture=neutral, PublicKeyToken=null" name="OpenConnection" />
    </UnitTest>
    <OrderedTest name="OrderedTest1" storage="c:\projekti\polovniautomobili\trunk\polautdatatest\orderedtest1.orderedtest" id="b42cccd0-bb62-4eaf-a32b-c4071797a652">
      <Execution id="4594ec54-91b9-444b-80b8-86488ba26518" />
      <TestLinks>
        <TestLink id="735ecec0-232a-13fd-18ba-fc6df8e2434b" name="OpenConnection" storage="bin\debug\testproject1.dll" type="Microsoft.VisualStudio.TestTools.TestTypes.Unit.UnitTestElement, Microsoft.VisualStudio.QualityTools.Tips.UnitTest.ObjectModel, Version=10.0.0.0, Culture=neutral, PublicKeyToken=b03f5f7f11d50a3a" />
        <TestLink id="6c46d5aa-8e61-7ba9-376d-9b38de20e8da" name="CloseConnection" storage="bin\debug\testproject1.dll" type="Microsoft.VisualStudio.TestTools.TestTypes.Unit.UnitTestElement, Microsoft.VisualStudio.QualityTools.Tips.UnitTest.ObjectModel, Version=10.0.0.0, Culture=neutral, PublicKeyToken=b03f5f7f11d50a3a" />
        <TestLink id="86526eb2-0c5b-0103-2c37-b8117662b8c8" name="DatabaseVersionIs_2_5_0" storage="bin\debug\testproject1.dll" type="Microsoft.VisualStudio.TestTools.TestTypes.Unit.UnitTestElement, Microsoft.VisualStudio.QualityTools.Tips.UnitTest.ObjectModel, Version=10.0.0.0, Culture=neutral, PublicKeyToken=b03f5f7f11d50a3a" />
        <TestLink id="9574a0b1-25f0-7042-a6f9-5c873bbbac0a" name="CreateTestTable" storage="bin\debug\testproject1.dll" type="Microsoft.VisualStudio.TestTools.TestTypes.Unit.UnitTestElement, Microsoft.VisualStudio.QualityTools.Tips.UnitTest.ObjectModel, Version=10.0.0.0, Culture=neutral, PublicKeyToken=b03f5f7f11d50a3a" />
        <TestLink id="f45de7aa-3c98-f035-347c-56ba731807b8" name="InsertRowInTestTable" storage="bin\debug\testproject1.dll" type="Microsoft.VisualStudio.TestTools.TestTypes.Unit.UnitTestElement, Microsoft.VisualStudio.QualityTools.Tips.UnitTest.ObjectModel, Version=10.0.0.0, Culture=neutral, PublicKeyToken=b03f5f7f11d50a3a" />
        <TestLink id="b9d3826e-3e73-ce77-ad2b-94c635f7b968" name="DropTestTable" storage="bin\debug\testproject1.dll" type="Microsoft.VisualStudio.TestTools.TestTypes.Unit.UnitTestElement, Microsoft.VisualStudio.QualityTools.Tips.UnitTest.ObjectModel, Version=10.0.0.0, Culture=neutral, PublicKeyToken=b03f5f7f11d50a3a" />
      </TestLinks>
    </OrderedTest>
    <UnitTest name="DatabaseVersionIs_2_5_0" storage="c:\projekti\polovniautomobili\trunk\polautdatatest\bin\debug\testproject1.dll" id="86526eb2-0c5b-0103-2c37-b8117662b8c8">
      <TestMethod codeBase="C:/Projekti/PolovniAutomobili/trunk/PolAutDataTest/bin/Debug/TestProject1.DLL" adapterTypeName="Microsoft.VisualStudio.TestTools.TestTypes.Unit.UnitTestAdapter, Microsoft.VisualStudio.QualityTools.Tips.UnitTest.Adapter, Version=10.0.0.0, Culture=neutral, PublicKeyToken=b03f5f7f11d50a3a" className="PolAutDataTest.Provider.Firebird.TestDataFirebird, TestProject1, Version=1.0.0.0, Culture=neutral, PublicKeyToken=null" name="DatabaseVersionIs_2_5_0" />
    </UnitTest>
    <UnitTest name="CreateTestTable" storage="c:\projekti\polovniautomobili\trunk\polautdatatest\bin\debug\testproject1.dll" id="9574a0b1-25f0-7042-a6f9-5c873bbbac0a">
      <TestMethod codeBase="C:/Projekti/PolovniAutomobili/trunk/PolAutDataTest/bin/Debug/TestProject1.DLL" adapterTypeName="Microsoft.VisualStudio.TestTools.TestTypes.Unit.UnitTestAdapter, Microsoft.VisualStudio.QualityTools.Tips.UnitTest.Adapter, Version=10.0.0.0, Culture=neutral, PublicKeyToken=b03f5f7f11d50a3a" className="PolAutDataTest.Provider.Firebird.TestDataFirebird, TestProject1, Version=1.0.0.0, Culture=neutral, PublicKeyToken=null" name="CreateTestTable" />
    </UnitTest>
  </TestDefinitions>
  <TestLists>
    <TestList name="Results Not in a List" id="8c84fa94-04c1-424b-9868-57a2d4851a1d" />
    <TestList name="All Loaded Results" id="19431567-8539-422a-85d7-44ee4e166bda" />
  </TestLists>
  <TestEntries>
    <TestEntry testId="b42cccd0-bb62-4eaf-a32b-c4071797a652" executionId="4594ec54-91b9-444b-80b8-86488ba26518" testListId="8c84fa94-04c1-424b-9868-57a2d4851a1d">
      <TestEntries>
        <TestEntry testId="735ecec0-232a-13fd-18ba-fc6df8e2434b" executionId="c583cf46-ee0a-41d5-8e2b-0a0c88e37d1e" parentExecutionId="4594ec54-91b9-444b-80b8-86488ba26518" testListId="8c84fa94-04c1-424b-9868-57a2d4851a1d" />
        <TestEntry testId="6c46d5aa-8e61-7ba9-376d-9b38de20e8da" executionId="0898bd4c-8f73-41c9-a148-c2944c1a52f6" parentExecutionId="4594ec54-91b9-444b-80b8-86488ba26518" testListId="8c84fa94-04c1-424b-9868-57a2d4851a1d" />
        <TestEntry testId="86526eb2-0c5b-0103-2c37-b8117662b8c8" executionId="42075e47-528e-432a-a5cc-f9f2fd994df9" parentExecutionId="4594ec54-91b9-444b-80b8-86488ba26518" testListId="8c84fa94-04c1-424b-9868-57a2d4851a1d" />
        <TestEntry testId="9574a0b1-25f0-7042-a6f9-5c873bbbac0a" executionId="1ebd98d2-aae4-40ef-99a9-d89706735f2a" parentExecutionId="4594ec54-91b9-444b-80b8-86488ba26518" testListId="8c84fa94-04c1-424b-9868-57a2d4851a1d" />
        <TestEntry testId="f45de7aa-3c98-f035-347c-56ba731807b8" executionId="47e623df-2e1d-4bc1-b8c9-dd3c08df91da" parentExecutionId="4594ec54-91b9-444b-80b8-86488ba26518" testListId="8c84fa94-04c1-424b-9868-57a2d4851a1d" />
        <TestEntry testId="b9d3826e-3e73-ce77-ad2b-94c635f7b968" executionId="ade5ef4d-4b88-4a50-9626-2a05d0106847" parentExecutionId="4594ec54-91b9-444b-80b8-86488ba26518" testListId="8c84fa94-04c1-424b-9868-57a2d4851a1d" />
      </TestEntries>
    </TestEntry>
  </TestEntries>
  <Results>
    <TestResultAggregation executionId="4594ec54-91b9-444b-80b8-86488ba26518" testId="b42cccd0-bb62-4eaf-a32b-c4071797a652" testName="OrderedTest1" computerName="DNEVNA-SOBA" duration="00:00:01.0813759" startTime="2014-04-02T00:33:20.5312500+02:00" endTime="2014-04-02T00:33:21.7656250+02:00" testType="ec4800e8-40e5-4ab3-8510-b8bf29b1904d" outcome="Failed" testListId="8c84fa94-04c1-424b-9868-57a2d4851a1d" relativeResultsDirectory="4594ec54-91b9-444b-80b8-86488ba26518">
      <Counters error="0" failed="1" timeout="0" aborted="0" inconclusive="0" passedButRunAborted="0" notRunnable="0" notExecuted="2" disconnected="0" warning="0" passed="3" completed="0" inProgress="0" pending="0" />
      <InnerResults>
        <UnitTestResult executionId="c583cf46-ee0a-41d5-8e2b-0a0c88e37d1e" parentExecutionId="4594ec54-91b9-444b-80b8-86488ba26518" testId="735ecec0-232a-13fd-18ba-fc6df8e2434b" testName="OpenConnection" computerName="DNEVNA-SOBA" duration="00:00:00.3150699" startTime="2014-04-02T00:33:20.6875000+02:00" endTime="2014-04-02T00:33:21.3437500+02:00" testType="13cdc9d9-ddb5-4fa4-a97d-d965ccfc6d4b" outcome="Passed" testListId="8c84fa94-04c1-424b-9868-57a2d4851a1d" relativeResultsDirectory="c583cf46-ee0a-41d5-8e2b-0a0c88e37d1e">
          <Output>
          </Output>
        </UnitTestResult>
        <UnitTestResult executionId="0898bd4c-8f73-41c9-a148-c2944c1a52f6" parentExecutionId="4594ec54-91b9-444b-80b8-86488ba26518" testId="6c46d5aa-8e61-7ba9-376d-9b38de20e8da" testName="CloseConnection" computerName="DNEVNA-SOBA" duration="00:00:00.1586888" startTime="2014-04-02T00:33:21.3437500+02:00" endTime="2014-04-02T00:33:21.5312500+02:00" testType="13cdc9d9-ddb5-4fa4-a97d-d965ccfc6d4b" outcome="Passed" testListId="8c84fa94-04c1-424b-9868-57a2d4851a1d" relativeResultsDirectory="0898bd4c-8f73-41c9-a148-c2944c1a52f6">
          <Output>
          </Output>
        </UnitTestResult>
        <UnitTestResult executionId="42075e47-528e-432a-a5cc-f9f2fd994df9" parentExecutionId="4594ec54-91b9-444b-80b8-86488ba26518" testId="86526eb2-0c5b-0103-2c37-b8117662b8c8" testName="DatabaseVersionIs_2_5_0" computerName="DNEVNA-SOBA" duration="00:00:00.1303931" startTime="2014-04-02T00:33:21.5312500+02:00" endTime="2014-04-02T00:33:21.6875000+02:00" testType="13cdc9d9-ddb5-4fa4-a97d-d965ccfc6d4b" outcome="Passed" testListId="8c84fa94-04c1-424b-9868-57a2d4851a1d" relativeResultsDirectory="42075e47-528e-432a-a5cc-f9f2fd994df9">
          <Output>
          </Output>
        </UnitTestResult>
        <UnitTestResult executionId="1ebd98d2-aae4-40ef-99a9-d89706735f2a" parentExecutionId="4594ec54-91b9-444b-80b8-86488ba26518" testId="9574a0b1-25f0-7042-a6f9-5c873bbbac0a" testName="CreateTestTable" computerName="DNEVNA-SOBA" duration="00:00:00.0696691" startTime="2014-04-02T00:33:21.6875000+02:00" endTime="2014-04-02T00:33:21.7656250+02:00" testType="13cdc9d9-ddb5-4fa4-a97d-d965ccfc6d4b" outcome="Failed" testListId="8c84fa94-04c1-424b-9868-57a2d4851a1d" relativeResultsDirectory="1ebd98d2-aae4-40ef-99a9-d89706735f2a">
          <Output>
            <ErrorInfo>
              <Message>Assert.AreEqual failed. Expected:&lt;True&gt;. Actual:&lt;False&gt;. Can't create test table.</Message>
              <StackTrace>   at PolAutDataTest.Provider.Firebird.TestDataFirebird.CreateTestTable() in C:\Projekti\PolovniAutomobili\trunk\PolAutDataTest\Provider\Firebird\TestDataFirebird.cs:line 79
</StackTrace>
            </ErrorInfo>
          </Output>
        </UnitTestResult>
        <TestResult executionId="47e623df-2e1d-4bc1-b8c9-dd3c08df91da" parentExecutionId="4594ec54-91b9-444b-80b8-86488ba26518" testId="f45de7aa-3c98-f035-347c-56ba731807b8" testName="InsertRowInTestTable" computerName="DNEVNA-SOBA" testType="13cdc9d9-ddb5-4fa4-a97d-d965ccfc6d4b" outcome="NotExecuted" testListId="8c84fa94-04c1-424b-9868-57a2d4851a1d" relativeResultsDirectory="47e623df-2e1d-4bc1-b8c9-dd3c08df91da" />
        <TestResult executionId="ade5ef4d-4b88-4a50-9626-2a05d0106847" parentExecutionId="4594ec54-91b9-444b-80b8-86488ba26518" testId="b9d3826e-3e73-ce77-ad2b-94c635f7b968" testName="DropTestTable" computerName="DNEVNA-SOBA" testType="13cdc9d9-ddb5-4fa4-a97d-d965ccfc6d4b" outcome="NotExecuted" testListId="8c84fa94-04c1-424b-9868-57a2d4851a1d" relativeResultsDirectory="ade5ef4d-4b88-4a50-9626-2a05d0106847" />
      </InnerResults>
    </TestResultAggregation>
  </Results>
</TestRun>