<?xml version="1.0" encoding="UTF-8"?>
<TestRun id="ee73cbf8-d6a5-4ea3-8161-bd6a166c7b7c" name="Nemanja@DNEVNA-SOBA 2014-03-01 02:38:40" runUser="DNEVNA-SOBA\Nemanja" xmlns="http://microsoft.com/schemas/VisualStudio/TeamTest/2010">
  <TestSettings name="Local" id="e92095fd-dfc3-4560-8d1f-742883501953">
    <Description>These are default test settings for a local test run.</Description>
    <Deployment enabled="false" runDeploymentRoot="Nemanja_DNEVNA-SOBA 2014-03-01 02_38_40">
      <DeploymentItem filename="C:\Documents and Settings\Nemanja\My Documents\Visual Studio 2008\Projects\PolovniAutomobili\PolAutData\bin\Debug\PolAutData.dll" />
    </Deployment>
    <Execution>
      <TestTypeSpecific />
      <AgentRule name="Execution Agents">
      </AgentRule>
    </Execution>
  </TestSettings>
  <Times creation="2014-03-01T02:38:40.8906250+01:00" queuing="2014-03-01T02:38:40.9531250+01:00" start="2014-03-01T02:38:41.4375000+01:00" finish="2014-03-01T02:38:43.6562500+01:00" />
  <ResultSummary outcome="Completed">
    <Counters total="3" executed="3" passed="3" error="0" failed="0" timeout="0" aborted="0" inconclusive="0" passedButRunAborted="0" notRunnable="0" notExecuted="0" disconnected="0" warning="0" completed="0" inProgress="0" pending="0" />
  </ResultSummary>
  <TestDefinitions>
    <UnitTest name="OpenConnection" storage="c:\documents and settings\nemanja\my documents\visual studio 2008\projects\polovniautomobili\polautdatatest\bin\debug\testproject1.dll" id="53dc12fa-38cb-6ac0-e861-f7a415fc515d">
      <Execution id="569268f4-564d-41e0-9f91-a444ab5332aa" />
      <TestMethod codeBase="C:/Documents and Settings/Nemanja/My Documents/Visual Studio 2008/Projects/PolovniAutomobili/PolAutDataTest/bin/Debug/TestProject1.DLL" adapterTypeName="Microsoft.VisualStudio.TestTools.TestTypes.Unit.UnitTestAdapter, Microsoft.VisualStudio.QualityTools.Tips.UnitTest.Adapter, Version=10.0.0.0, Culture=neutral, PublicKeyToken=b03f5f7f11d50a3a" className="PolAutDataTest.Providers.Firebird.TestDataFirebird, TestProject1, Version=1.0.0.0, Culture=neutral, PublicKeyToken=null" name="OpenConnection" />
    </UnitTest>
    <UnitTest name="DatabaseVersionIs_2_5_0" storage="c:\documents and settings\nemanja\my documents\visual studio 2008\projects\polovniautomobili\polautdatatest\bin\debug\testproject1.dll" id="fcf921b8-27a6-da72-d5f5-9f806c670fff">
      <Execution id="d6715ce7-f4d9-4c89-9871-406713097185" />
      <TestMethod codeBase="C:/Documents and Settings/Nemanja/My Documents/Visual Studio 2008/Projects/PolovniAutomobili/PolAutDataTest/bin/Debug/TestProject1.DLL" adapterTypeName="Microsoft.VisualStudio.TestTools.TestTypes.Unit.UnitTestAdapter, Microsoft.VisualStudio.QualityTools.Tips.UnitTest.Adapter, Version=10.0.0.0, Culture=neutral, PublicKeyToken=b03f5f7f11d50a3a" className="PolAutDataTest.Providers.Firebird.TestDataFirebird, TestProject1, Version=1.0.0.0, Culture=neutral, PublicKeyToken=null" name="DatabaseVersionIs_2_5_0" />
    </UnitTest>
    <UnitTest name="CloseConnection" storage="c:\documents and settings\nemanja\my documents\visual studio 2008\projects\polovniautomobili\polautdatatest\bin\debug\testproject1.dll" id="d159f183-296c-e63b-ea6d-79db194b1732">
      <Execution id="67d7f264-82d9-497a-a328-f911dab15c36" />
      <TestMethod codeBase="C:/Documents and Settings/Nemanja/My Documents/Visual Studio 2008/Projects/PolovniAutomobili/PolAutDataTest/bin/Debug/TestProject1.DLL" adapterTypeName="Microsoft.VisualStudio.TestTools.TestTypes.Unit.UnitTestAdapter, Microsoft.VisualStudio.QualityTools.Tips.UnitTest.Adapter, Version=10.0.0.0, Culture=neutral, PublicKeyToken=b03f5f7f11d50a3a" className="PolAutDataTest.Providers.Firebird.TestDataFirebird, TestProject1, Version=1.0.0.0, Culture=neutral, PublicKeyToken=null" name="CloseConnection" />
    </UnitTest>
  </TestDefinitions>
  <TestLists>
    <TestList name="DataLayer" id="0f5e80c5-99c7-4fa2-b9d3-ff4b5e8eef48" parentListId="8c43106b-9dc1-4907-a29f-aa66a61bf5b6">
      <Description>Isprobavanje</Description>
    </TestList>
    <TestList name="Lists of Results" id="8c43106b-9dc1-4907-a29f-aa66a61bf5b6" />
    <TestList name="All Loaded Results" id="19431567-8539-422a-85d7-44ee4e166bda" />
    <TestList name="Firebird" id="43ae325e-a5d1-4905-855f-ffda2f2a0e79" parentListId="0f5e80c5-99c7-4fa2-b9d3-ff4b5e8eef48">
      <TestLinks>
        <TestLink id="53dc12fa-38cb-6ac0-e861-f7a415fc515d" name="OpenConnection" storage="c:\documents and settings\nemanja\my documents\visual studio 2008\projects\polovniautomobili\polautdatatest\bin\debug\testproject1.dll" type="Microsoft.VisualStudio.TestTools.TestTypes.Unit.UnitTestElement, Microsoft.VisualStudio.QualityTools.Tips.UnitTest.ObjectModel, Version=10.0.0.0, Culture=neutral, PublicKeyToken=b03f5f7f11d50a3a" />
        <TestLink id="fcf921b8-27a6-da72-d5f5-9f806c670fff" name="DatabaseVersionIs_2_5_0" storage="c:\documents and settings\nemanja\my documents\visual studio 2008\projects\polovniautomobili\polautdatatest\bin\debug\testproject1.dll" type="Microsoft.VisualStudio.TestTools.TestTypes.Unit.UnitTestElement, Microsoft.VisualStudio.QualityTools.Tips.UnitTest.ObjectModel, Version=10.0.0.0, Culture=neutral, PublicKeyToken=b03f5f7f11d50a3a" />
        <TestLink id="d159f183-296c-e63b-ea6d-79db194b1732" name="CloseConnection" storage="c:\documents and settings\nemanja\my documents\visual studio 2008\projects\polovniautomobili\polautdatatest\bin\debug\testproject1.dll" type="Microsoft.VisualStudio.TestTools.TestTypes.Unit.UnitTestElement, Microsoft.VisualStudio.QualityTools.Tips.UnitTest.ObjectModel, Version=10.0.0.0, Culture=neutral, PublicKeyToken=b03f5f7f11d50a3a" />
      </TestLinks>
    </TestList>
  </TestLists>
  <TestEntries>
    <TestEntry testId="53dc12fa-38cb-6ac0-e861-f7a415fc515d" executionId="569268f4-564d-41e0-9f91-a444ab5332aa" testListId="43ae325e-a5d1-4905-855f-ffda2f2a0e79" />
    <TestEntry testId="d159f183-296c-e63b-ea6d-79db194b1732" executionId="67d7f264-82d9-497a-a328-f911dab15c36" testListId="43ae325e-a5d1-4905-855f-ffda2f2a0e79" />
    <TestEntry testId="fcf921b8-27a6-da72-d5f5-9f806c670fff" executionId="d6715ce7-f4d9-4c89-9871-406713097185" testListId="43ae325e-a5d1-4905-855f-ffda2f2a0e79" />
  </TestEntries>
  <Results>
    <UnitTestResult executionId="569268f4-564d-41e0-9f91-a444ab5332aa" testId="53dc12fa-38cb-6ac0-e861-f7a415fc515d" testName="OpenConnection" computerName="DNEVNA-SOBA" duration="00:00:00.3581178" startTime="2014-03-01T02:38:41.6406250+01:00" endTime="2014-03-01T02:38:42.3906250+01:00" testType="13cdc9d9-ddb5-4fa4-a97d-d965ccfc6d4b" outcome="Passed" testListId="43ae325e-a5d1-4905-855f-ffda2f2a0e79" relativeResultsDirectory="569268f4-564d-41e0-9f91-a444ab5332aa">
    </UnitTestResult>
    <UnitTestResult executionId="67d7f264-82d9-497a-a328-f911dab15c36" testId="d159f183-296c-e63b-ea6d-79db194b1732" testName="CloseConnection" computerName="DNEVNA-SOBA" duration="00:00:00.1704917" startTime="2014-03-01T02:38:42.4062500+01:00" endTime="2014-03-01T02:38:42.5781250+01:00" testType="13cdc9d9-ddb5-4fa4-a97d-d965ccfc6d4b" outcome="Passed" testListId="43ae325e-a5d1-4905-855f-ffda2f2a0e79" relativeResultsDirectory="67d7f264-82d9-497a-a328-f911dab15c36">
    </UnitTestResult>
    <UnitTestResult executionId="d6715ce7-f4d9-4c89-9871-406713097185" testId="fcf921b8-27a6-da72-d5f5-9f806c670fff" testName="DatabaseVersionIs_2_5_0" computerName="DNEVNA-SOBA" duration="00:00:00.8225905" startTime="2014-03-01T02:38:42.5937500+01:00" endTime="2014-03-01T02:38:43.4218750+01:00" testType="13cdc9d9-ddb5-4fa4-a97d-d965ccfc6d4b" outcome="Passed" testListId="43ae325e-a5d1-4905-855f-ffda2f2a0e79" relativeResultsDirectory="d6715ce7-f4d9-4c89-9871-406713097185">
    </UnitTestResult>
  </Results>
</TestRun>