<?xml version="1.0" encoding="UTF-8"?>
<TestRun id="a1a88442-c32e-462d-84b9-ffe6d5faa8d9" name="Nemanja@DNEVNA-SOBA 2014-04-02 00:21:32" runUser="DNEVNA-SOBA\Nemanja" xmlns="http://microsoft.com/schemas/VisualStudio/TeamTest/2010">
  <TestSettings name="Local" id="e92095fd-dfc3-4560-8d1f-742883501953">
    <Description>These are default test settings for a local test run.</Description>
    <Deployment userDeploymentRoot="C:\Projekti\PolovniAutomobili\trunk\TestResults" useDefaultDeploymentRoot="false" enabled="false" runDeploymentRoot="Nemanja_DNEVNA-SOBA 2014-04-02 00_21_32">
      <DeploymentItem filename="C:\Projekti\PolovniAutomobili\trunk\PolAutData\bin\Debug\PolAutData.dll" />
    </Deployment>
    <Execution>
      <TestTypeSpecific />
      <AgentRule name="Execution Agents">
      </AgentRule>
    </Execution>
  </TestSettings>
  <Times creation="2014-04-02T00:21:32.8593750+02:00" queuing="2014-04-02T00:21:32.9062500+02:00" start="2014-04-02T00:21:33.1718750+02:00" finish="2014-04-02T00:21:34.5937500+02:00" />
  <ResultSummary outcome="Completed">
    <Counters total="2" executed="2" passed="2" error="0" failed="0" timeout="0" aborted="0" inconclusive="0" passedButRunAborted="0" notRunnable="0" notExecuted="0" disconnected="0" warning="0" completed="0" inProgress="0" pending="0" />
  </ResultSummary>
  <TestDefinitions>
    <UnitTest name="DropTestTable" storage="c:\projekti\polovniautomobili\trunk\polautdatatest\bin\debug\testproject1.dll" id="b9d3826e-3e73-ce77-ad2b-94c635f7b968">
      <Execution id="4e34e8fd-3f1c-434f-954a-e782b7131918" />
      <TestMethod codeBase="C:/Projekti/PolovniAutomobili/trunk/PolAutDataTest/bin/Debug/TestProject1.DLL" adapterTypeName="Microsoft.VisualStudio.TestTools.TestTypes.Unit.UnitTestAdapter, Microsoft.VisualStudio.QualityTools.Tips.UnitTest.Adapter, Version=10.0.0.0, Culture=neutral, PublicKeyToken=b03f5f7f11d50a3a" className="PolAutDataTest.Provider.Firebird.TestDataFirebird, TestProject1, Version=1.0.0.0, Culture=neutral, PublicKeyToken=null" name="DropTestTable" />
    </UnitTest>
    <UnitTest name="CreateTestTable" storage="c:\projekti\polovniautomobili\trunk\polautdatatest\bin\debug\testproject1.dll" id="9574a0b1-25f0-7042-a6f9-5c873bbbac0a">
      <Execution id="761bb07a-cdcb-4134-b5e8-8aaa4d389b3d" />
      <TestMethod codeBase="C:/Projekti/PolovniAutomobili/trunk/PolAutDataTest/bin/Debug/TestProject1.DLL" adapterTypeName="Microsoft.VisualStudio.TestTools.TestTypes.Unit.UnitTestAdapter, Microsoft.VisualStudio.QualityTools.Tips.UnitTest.Adapter, Version=10.0.0.0, Culture=neutral, PublicKeyToken=b03f5f7f11d50a3a" className="PolAutDataTest.Provider.Firebird.TestDataFirebird, TestProject1, Version=1.0.0.0, Culture=neutral, PublicKeyToken=null" name="CreateTestTable" />
    </UnitTest>
  </TestDefinitions>
  <TestLists>
    <TestList name="Results Not in a List" id="8c84fa94-04c1-424b-9868-57a2d4851a1d" />
    <TestList name="All Loaded Results" id="19431567-8539-422a-85d7-44ee4e166bda" />
  </TestLists>
  <TestEntries>
    <TestEntry testId="9574a0b1-25f0-7042-a6f9-5c873bbbac0a" executionId="761bb07a-cdcb-4134-b5e8-8aaa4d389b3d" testListId="8c84fa94-04c1-424b-9868-57a2d4851a1d" />
    <TestEntry testId="b9d3826e-3e73-ce77-ad2b-94c635f7b968" executionId="4e34e8fd-3f1c-434f-954a-e782b7131918" testListId="8c84fa94-04c1-424b-9868-57a2d4851a1d" />
  </TestEntries>
  <Results>
    <UnitTestResult executionId="761bb07a-cdcb-4134-b5e8-8aaa4d389b3d" testId="9574a0b1-25f0-7042-a6f9-5c873bbbac0a" testName="CreateTestTable" computerName="DNEVNA-SOBA" duration="00:00:00.6201888" startTime="2014-04-02T00:21:33.3593750+02:00" endTime="2014-04-02T00:21:34.2812500+02:00" testType="13cdc9d9-ddb5-4fa4-a97d-d965ccfc6d4b" outcome="Passed" testListId="8c84fa94-04c1-424b-9868-57a2d4851a1d" relativeResultsDirectory="761bb07a-cdcb-4134-b5e8-8aaa4d389b3d">
    </UnitTestResult>
    <UnitTestResult executionId="4e34e8fd-3f1c-434f-954a-e782b7131918" testId="b9d3826e-3e73-ce77-ad2b-94c635f7b968" testName="DropTestTable" computerName="DNEVNA-SOBA" duration="00:00:00.1485917" startTime="2014-04-02T00:21:34.2968750+02:00" endTime="2014-04-02T00:21:34.4531250+02:00" testType="13cdc9d9-ddb5-4fa4-a97d-d965ccfc6d4b" outcome="Passed" testListId="8c84fa94-04c1-424b-9868-57a2d4851a1d" relativeResultsDirectory="4e34e8fd-3f1c-434f-954a-e782b7131918">
    </UnitTestResult>
  </Results>
</TestRun>