<?xml version="1.0" encoding="UTF-8"?>
<TestRun id="a7d8d6b0-00b7-4342-a3ba-a49839c567a8" name="Nemanja@DNEVNA-SOBA 2014-04-02 00:33:47" runUser="DNEVNA-SOBA\Nemanja" xmlns="http://microsoft.com/schemas/VisualStudio/TeamTest/2010">
  <TestSettings name="Local" id="e92095fd-dfc3-4560-8d1f-742883501953">
    <Description>These are default test settings for a local test run.</Description>
    <Deployment userDeploymentRoot="C:\Projekti\PolovniAutomobili\trunk\TestResults" useDefaultDeploymentRoot="false" enabled="false" runDeploymentRoot="Nemanja_DNEVNA-SOBA 2014-04-02 00_33_47">
      <DeploymentItem filename="C:\Projekti\PolovniAutomobili\trunk\PolAutData\bin\Debug\PolAutData.dll" />
    </Deployment>
    <Execution>
      <TestTypeSpecific />
      <AgentRule name="Execution Agents">
      </AgentRule>
    </Execution>
  </TestSettings>
  <Times creation="2014-04-02T00:33:47.5781250+02:00" queuing="2014-04-02T00:33:47.6093750+02:00" start="2014-04-02T00:33:47.8437500+02:00" finish="2014-04-02T00:33:49.7812500+02:00" />
  <ResultSummary outcome="Failed">
    <Counters total="7" executed="7" passed="5" error="0" failed="2" timeout="0" aborted="0" inconclusive="0" passedButRunAborted="0" notRunnable="0" notExecuted="0" disconnected="0" warning="0" completed="0" inProgress="0" pending="0" />
  </ResultSummary>
  <TestDefinitions>
    <UnitTest name="DropTestTable" storage="c:\projekti\polovniautomobili\trunk\polautdatatest\bin\debug\testproject1.dll" id="b9d3826e-3e73-ce77-ad2b-94c635f7b968">
      <TestMethod codeBase="C:/Projekti/PolovniAutomobili/trunk/PolAutDataTest/bin/Debug/TestProject1.DLL" adapterTypeName="Microsoft.VisualStudio.TestTools.TestTypes.Unit.UnitTestAdapter, Microsoft.VisualStudio.QualityTools.Tips.UnitTest.Adapter, Version=10.0.0.0, Culture=neutral, PublicKeyToken=b03f5f7f11d50a3a" className="PolAutDataTest.Provider.Firebird.TestDataFirebird, TestProject1, Version=1.0.0.0, Culture=neutral, PublicKeyToken=null" name="DropTestTable" />
    </UnitTest>
    <UnitTest name="InsertRowInTestTable" storage="c:\projekti\polovniautomobili\trunk\polautdatatest\bin\debug\testproject1.dll" id="f45de7aa-3c98-f035-347c-56ba731807b8">
      <TestMethod codeBase="C:/Projekti/PolovniAutomobili/trunk/PolAutDataTest/bin/Debug/TestProject1.DLL" adapterTypeName="Microsoft.VisualStudio.TestTools.TestTypes.Unit.UnitTestAdapter, Microsoft.VisualStudio.QualityTools.Tips.UnitTest.Adapter, Version=10.0.0.0, Culture=neutral, PublicKeyToken=b03f5f7f11d50a3a" className="PolAutDataTest.Provider.Firebird.TestDataFirebird, TestProject1, Version=1.0.0.0, Culture=neutral, PublicKeyToken=null" name="InsertRowInTestTable" />
    </UnitTest>
    <UnitTest name="CloseConnection" storage="c:\projekti\polovniautomobili\trunk\polautdatatest\bin\debug\testproject1.dll" id="6c46d5aa-8e61-7ba9-376d-9b38de20e8da">
      <TestMethod codeBase="C:/Projekti/PolovniAutomobili/trunk/PolAutDataTest/bin/Debug/TestProject1.DLL" adapterTypeName="Microsoft.VisualStudio.TestTools.TestTypes.Unit.UnitTestAdapter, Microsoft.VisualStudio.QualityTools.Tips.UnitTest.Adapter, Version=10.0.0.0, Culture=neutral, PublicKeyToken=b03f5f7f11d50a3a" className="PolAutDataTest.Provider.Firebird.TestDataFirebird, TestProject1, Version=1.0.0.0, Culture=neutral, PublicKeyToken=null" name="CloseConnection" />
    </UnitTest>
    <UnitTest name="OpenConnection" storage="c:\projekti\polovniautomobili\trunk\polautdatatest\bin\debug\testproject1.dll" id="735ecec0-232a-13fd-18ba-fc6df8e2434b">
      <TestMethod codeBase="C:/Projekti/PolovniAutomobili/trunk/PolAutDataTest/bin/Debug/TestProject1.DLL" adapterTypeName="Microsoft.VisualStudio.TestTools.TestTypes.Unit.UnitTestAdapter, Microsoft.VisualStudio.QualityTools.Tips.UnitTest.Adapter, Version=10.0.0.0, Culture=neutral, PublicKeyToken=b03f5f7f11d50a3a" className="PolAutDataTest.Provider.Firebird.TestDataFirebird, TestProject1, Version=1.0.0.0, Culture=neutral, PublicKeyToken=null" name="OpenConnection" />
    </UnitTest>
    <OrderedTest name="OrderedTest1" storage="c:\projekti\polovniautomobili\trunk\polautdatatest\orderedtest1.orderedtest" id="b42cccd0-bb62-4eaf-a32b-c4071797a652" continueAfterFailure="true">
      <Execution id="cfaeb4a0-c6b1-4dfc-8154-ef03f4ea4cae" />
      <TestLinks>
        <TestLink id="735ecec0-232a-13fd-18ba-fc6df8e2434b" name="OpenConnection" storage="bin\debug\testproject1.dll" type="Microsoft.VisualStudio.TestTools.TestTypes.Unit.UnitTestElement, Microsoft.VisualStudio.QualityTools.Tips.UnitTest.ObjectModel, Version=10.0.0.0, Culture=neutral, PublicKeyToken=b03f5f7f11d50a3a" />
        <TestLink id="6c46d5aa-8e61-7ba9-376d-9b38de20e8da" name="CloseConnection" storage="bin\debug\testproject1.dll" type="Microsoft.VisualStudio.TestTools.TestTypes.Unit.UnitTestElement, Microsoft.VisualStudio.QualityTools.Tips.UnitTest.ObjectModel, Version=10.0.0.0, Culture=neutral, PublicKeyToken=b03f5f7f11d50a3a" />
        <TestLink id="86526eb2-0c5b-0103-2c37-b8117662b8c8" name="DatabaseVersionIs_2_5_0" storage="bin\debug\testproject1.dll" type="Microsoft.VisualStudio.TestTools.TestTypes.Unit.UnitTestElement, Microsoft.VisualStudio.QualityTools.Tips.UnitTest.ObjectModel, Version=10.0.0.0, Culture=neutral, PublicKeyToken=b03f5f7f11d50a3a" />
        <TestLink id="9574a0b1-25f0-7042-a6f9-5c873bbbac0a" name="CreateTestTable" storage="bin\debug\testproject1.dll" type="Microsoft.VisualStudio.TestTools.TestTypes.Unit.UnitTestElement, Microsoft.VisualStudio.QualityTools.Tips.UnitTest.ObjectModel, Version=10.0.0.0, Culture=neutral, PublicKeyToken=b03f5f7f11d50a3a" />
        <TestLink id="f45de7aa-3c98-f035-347c-56ba731807b8" name="InsertRowInTestTable" storage="bin\debug\testproject1.dll" type="Microsoft.VisualStudio.TestTools.TestTypes.Unit.UnitTestElement, Microsoft.VisualStudio.QualityTools.Tips.UnitTest.ObjectModel, Version=10.0.0.0, Culture=neutral, PublicKeyToken=b03f5f7f11d50a3a" />
        <TestLink id="b9d3826e-3e73-ce77-ad2b-94c635f7b968" name="DropTestTable" storage="bin\debug\testproject1.dll" type="Microsoft.VisualStudio.TestTools.TestTypes.Unit.UnitTestElement, Microsoft.VisualStudio.QualityTools.Tips.UnitTest.ObjectModel, Version=10.0.0.0, Culture=neutral, PublicKeyToken=b03f5f7f11d50a3a" />
      </TestLinks>
    </OrderedTest>
    <UnitTest name="DatabaseVersionIs_2_5_0" storage="c:\projekti\polovniautomobili\trunk\polautdatatest\bin\debug\testproject1.dll" id="86526eb2-0c5b-0103-2c37-b8117662b8c8">
      <TestMethod codeBase="C:/Projekti/PolovniAutomobili/trunk/PolAutDataTest/bin/Debug/TestProject1.DLL" adapterTypeName="Microsoft.VisualStudio.TestTools.TestTypes.Unit.UnitTestAdapter, Microsoft.VisualStudio.QualityTools.Tips.UnitTest.Adapter, Version=10.0.0.0, Culture=neutral, PublicKeyToken=b03f5f7f11d50a3a" className="PolAutDataTest.Provider.Firebird.TestDataFirebird, TestProject1, Version=1.0.0.0, Culture=neutral, PublicKeyToken=null" name="DatabaseVersionIs_2_5_0" />
    </UnitTest>
    <UnitTest name="CreateTestTable" storage="c:\projekti\polovniautomobili\trunk\polautdatatest\bin\debug\testproject1.dll" id="9574a0b1-25f0-7042-a6f9-5c873bbbac0a">
      <TestMethod codeBase="C:/Projekti/PolovniAutomobili/trunk/PolAutDataTest/bin/Debug/TestProject1.DLL" adapterTypeName="Microsoft.VisualStudio.TestTools.TestTypes.Unit.UnitTestAdapter, Microsoft.VisualStudio.QualityTools.Tips.UnitTest.Adapter, Version=10.0.0.0, Culture=neutral, PublicKeyToken=b03f5f7f11d50a3a" className="PolAutDataTest.Provider.Firebird.TestDataFirebird, TestProject1, Version=1.0.0.0, Culture=neutral, PublicKeyToken=null" name="CreateTestTable" />
    </UnitTest>
  </TestDefinitions>
  <TestLists>
    <TestList name="Results Not in a List" id="8c84fa94-04c1-424b-9868-57a2d4851a1d" />
    <TestList name="All Loaded Results" id="19431567-8539-422a-85d7-44ee4e166bda" />
  </TestLists>
  <TestEntries>
    <TestEntry testId="b42cccd0-bb62-4eaf-a32b-c4071797a652" executionId="cfaeb4a0-c6b1-4dfc-8154-ef03f4ea4cae" testListId="8c84fa94-04c1-424b-9868-57a2d4851a1d">
      <TestEntries>
        <TestEntry testId="735ecec0-232a-13fd-18ba-fc6df8e2434b" executionId="879950bb-7e97-4a6a-b4b4-034161896cd2" parentExecutionId="cfaeb4a0-c6b1-4dfc-8154-ef03f4ea4cae" testListId="8c84fa94-04c1-424b-9868-57a2d4851a1d" />
        <TestEntry testId="6c46d5aa-8e61-7ba9-376d-9b38de20e8da" executionId="7f0a5bca-c2c0-4e3e-aa31-1e16afe4335a" parentExecutionId="cfaeb4a0-c6b1-4dfc-8154-ef03f4ea4cae" testListId="8c84fa94-04c1-424b-9868-57a2d4851a1d" />
        <TestEntry testId="86526eb2-0c5b-0103-2c37-b8117662b8c8" executionId="f7c5089f-5e47-4435-8fcd-af111671ef14" parentExecutionId="cfaeb4a0-c6b1-4dfc-8154-ef03f4ea4cae" testListId="8c84fa94-04c1-424b-9868-57a2d4851a1d" />
        <TestEntry testId="9574a0b1-25f0-7042-a6f9-5c873bbbac0a" executionId="0e2c8a8d-1b4e-4915-bbb8-7fb77989447c" parentExecutionId="cfaeb4a0-c6b1-4dfc-8154-ef03f4ea4cae" testListId="8c84fa94-04c1-424b-9868-57a2d4851a1d" />
        <TestEntry testId="f45de7aa-3c98-f035-347c-56ba731807b8" executionId="996b1696-e608-44b6-8394-df2a01b76f4f" parentExecutionId="cfaeb4a0-c6b1-4dfc-8154-ef03f4ea4cae" testListId="8c84fa94-04c1-424b-9868-57a2d4851a1d" />
        <TestEntry testId="b9d3826e-3e73-ce77-ad2b-94c635f7b968" executionId="6f5e0a33-0970-419a-8bb1-6e8574b0a743" parentExecutionId="cfaeb4a0-c6b1-4dfc-8154-ef03f4ea4cae" testListId="8c84fa94-04c1-424b-9868-57a2d4851a1d" />
      </TestEntries>
    </TestEntry>
  </TestEntries>
  <Results>
    <TestResultAggregation executionId="cfaeb4a0-c6b1-4dfc-8154-ef03f4ea4cae" testId="b42cccd0-bb62-4eaf-a32b-c4071797a652" testName="OrderedTest1" computerName="DNEVNA-SOBA" duration="00:00:01.2934546" startTime="2014-04-02T00:33:48.2500000+02:00" endTime="2014-04-02T00:33:49.5625000+02:00" testType="ec4800e8-40e5-4ab3-8510-b8bf29b1904d" outcome="Failed" testListId="8c84fa94-04c1-424b-9868-57a2d4851a1d" relativeResultsDirectory="cfaeb4a0-c6b1-4dfc-8154-ef03f4ea4cae">
      <Counters error="0" failed="1" timeout="0" aborted="0" inconclusive="0" passedButRunAborted="0" notRunnable="0" notExecuted="0" disconnected="0" warning="0" passed="5" completed="0" inProgress="0" pending="0" />
      <InnerResults>
        <UnitTestResult executionId="879950bb-7e97-4a6a-b4b4-034161896cd2" parentExecutionId="cfaeb4a0-c6b1-4dfc-8154-ef03f4ea4cae" testId="735ecec0-232a-13fd-18ba-fc6df8e2434b" testName="OpenConnection" computerName="DNEVNA-SOBA" duration="00:00:00.2918898" startTime="2014-04-02T00:33:48.2656250+02:00" endTime="2014-04-02T00:33:48.8750000+02:00" testType="13cdc9d9-ddb5-4fa4-a97d-d965ccfc6d4b" outcome="Passed" testListId="8c84fa94-04c1-424b-9868-57a2d4851a1d" relativeResultsDirectory="879950bb-7e97-4a6a-b4b4-034161896cd2">
          <Output>
          </Output>
        </UnitTestResult>
        <UnitTestResult executionId="7f0a5bca-c2c0-4e3e-aa31-1e16afe4335a" parentExecutionId="cfaeb4a0-c6b1-4dfc-8154-ef03f4ea4cae" testId="6c46d5aa-8e61-7ba9-376d-9b38de20e8da" testName="CloseConnection" computerName="DNEVNA-SOBA" duration="00:00:00.1646156" startTime="2014-04-02T00:33:48.8750000+02:00" endTime="2014-04-02T00:33:49.0625000+02:00" testType="13cdc9d9-ddb5-4fa4-a97d-d965ccfc6d4b" outcome="Passed" testListId="8c84fa94-04c1-424b-9868-57a2d4851a1d" relativeResultsDirectory="7f0a5bca-c2c0-4e3e-aa31-1e16afe4335a">
          <Output>
          </Output>
        </UnitTestResult>
        <UnitTestResult executionId="f7c5089f-5e47-4435-8fcd-af111671ef14" parentExecutionId="cfaeb4a0-c6b1-4dfc-8154-ef03f4ea4cae" testId="86526eb2-0c5b-0103-2c37-b8117662b8c8" testName="DatabaseVersionIs_2_5_0" computerName="DNEVNA-SOBA" duration="00:00:00.1303774" startTime="2014-04-02T00:33:49.0625000+02:00" endTime="2014-04-02T00:33:49.2031250+02:00" testType="13cdc9d9-ddb5-4fa4-a97d-d965ccfc6d4b" outcome="Passed" testListId="8c84fa94-04c1-424b-9868-57a2d4851a1d" relativeResultsDirectory="f7c5089f-5e47-4435-8fcd-af111671ef14">
          <Output>
          </Output>
        </UnitTestResult>
        <UnitTestResult executionId="0e2c8a8d-1b4e-4915-bbb8-7fb77989447c" parentExecutionId="cfaeb4a0-c6b1-4dfc-8154-ef03f4ea4cae" testId="9574a0b1-25f0-7042-a6f9-5c873bbbac0a" testName="CreateTestTable" computerName="DNEVNA-SOBA" duration="00:00:00.0669585" startTime="2014-04-02T00:33:49.2031250+02:00" endTime="2014-04-02T00:33:49.2812500+02:00" testType="13cdc9d9-ddb5-4fa4-a97d-d965ccfc6d4b" outcome="Failed" testListId="8c84fa94-04c1-424b-9868-57a2d4851a1d" relativeResultsDirectory="0e2c8a8d-1b4e-4915-bbb8-7fb77989447c">
          <Output>
            <ErrorInfo>
              <Message>Assert.AreEqual failed. Expected:&lt;True&gt;. Actual:&lt;False&gt;. Can't create test table.</Message>
              <StackTrace>   at PolAutDataTest.Provider.Firebird.TestDataFirebird.CreateTestTable() in C:\Projekti\PolovniAutomobili\trunk\PolAutDataTest\Provider\Firebird\TestDataFirebird.cs:line 79
</StackTrace>
            </ErrorInfo>
          </Output>
        </UnitTestResult>
        <UnitTestResult executionId="996b1696-e608-44b6-8394-df2a01b76f4f" parentExecutionId="cfaeb4a0-c6b1-4dfc-8154-ef03f4ea4cae" testId="f45de7aa-3c98-f035-347c-56ba731807b8" testName="InsertRowInTestTable" computerName="DNEVNA-SOBA" duration="00:00:00.0683701" startTime="2014-04-02T00:33:49.2968750+02:00" endTime="2014-04-02T00:33:49.3750000+02:00" testType="13cdc9d9-ddb5-4fa4-a97d-d965ccfc6d4b" outcome="Passed" testListId="8c84fa94-04c1-424b-9868-57a2d4851a1d" relativeResultsDirectory="996b1696-e608-44b6-8394-df2a01b76f4f">
          <Output>
          </Output>
        </UnitTestResult>
        <UnitTestResult executionId="6f5e0a33-0970-419a-8bb1-6e8574b0a743" parentExecutionId="cfaeb4a0-c6b1-4dfc-8154-ef03f4ea4cae" testId="b9d3826e-3e73-ce77-ad2b-94c635f7b968" testName="DropTestTable" computerName="DNEVNA-SOBA" duration="00:00:00.1668139" startTime="2014-04-02T00:33:49.3750000+02:00" endTime="2014-04-02T00:33:49.5625000+02:00" testType="13cdc9d9-ddb5-4fa4-a97d-d965ccfc6d4b" outcome="Passed" testListId="8c84fa94-04c1-424b-9868-57a2d4851a1d" relativeResultsDirectory="6f5e0a33-0970-419a-8bb1-6e8574b0a743">
          <Output>
          </Output>
        </UnitTestResult>
      </InnerResults>
    </TestResultAggregation>
  </Results>
</TestRun>