<?xml version="1.0" encoding="UTF-8"?>
<TestRun id="81e7c37e-75f9-4733-90c6-843c7977a865" name="Nemanja@DNEVNA-SOBA 2014-03-01 02:20:50" runUser="DNEVNA-SOBA\Nemanja" xmlns="http://microsoft.com/schemas/VisualStudio/TeamTest/2010">
  <TestSettings name="Local" id="e92095fd-dfc3-4560-8d1f-742883501953">
    <Description>These are default test settings for a local test run.</Description>
    <Deployment enabled="false" runDeploymentRoot="Nemanja_DNEVNA-SOBA 2014-03-01 02_20_50">
      <DeploymentItem filename="C:\Documents and Settings\Nemanja\My Documents\Visual Studio 2008\Projects\PolovniAutomobili\PolAutData\bin\Debug\PolAutData.dll" />
    </Deployment>
    <Execution>
      <TestTypeSpecific />
      <AgentRule name="Execution Agents">
      </AgentRule>
    </Execution>
  </TestSettings>
  <Times creation="2014-03-01T02:20:50.2031250+01:00" queuing="2014-03-01T02:20:50.2968750+01:00" start="2014-03-01T02:20:50.5312500+01:00" finish="2014-03-01T02:20:51.9687500+01:00" />
  <ResultSummary outcome="Completed">
    <Counters total="2" executed="2" passed="2" error="0" failed="0" timeout="0" aborted="0" inconclusive="0" passedButRunAborted="0" notRunnable="0" notExecuted="0" disconnected="0" warning="0" completed="0" inProgress="0" pending="0" />
  </ResultSummary>
  <TestDefinitions>
    <UnitTest name="CloseConnection" storage="c:\documents and settings\nemanja\my documents\visual studio 2008\projects\polovniautomobili\polautdatatest\bin\debug\testproject1.dll" id="d159f183-296c-e63b-ea6d-79db194b1732">
      <Execution id="47af8d89-eb8e-4341-a0e3-eba8d3fbad54" />
      <TestMethod codeBase="C:/Documents and Settings/Nemanja/My Documents/Visual Studio 2008/Projects/PolovniAutomobili/PolAutDataTest/bin/Debug/TestProject1.DLL" adapterTypeName="Microsoft.VisualStudio.TestTools.TestTypes.Unit.UnitTestAdapter, Microsoft.VisualStudio.QualityTools.Tips.UnitTest.Adapter, Version=10.0.0.0, Culture=neutral, PublicKeyToken=b03f5f7f11d50a3a" className="PolAutDataTest.Providers.Firebird.TestDataFirebird, TestProject1, Version=1.0.0.0, Culture=neutral, PublicKeyToken=null" name="CloseConnection" />
    </UnitTest>
    <UnitTest name="OpenConnection" storage="c:\documents and settings\nemanja\my documents\visual studio 2008\projects\polovniautomobili\polautdatatest\bin\debug\testproject1.dll" id="53dc12fa-38cb-6ac0-e861-f7a415fc515d">
      <Execution id="e8710475-a0d6-4220-b2ed-e3382252be0d" />
      <TestMethod codeBase="C:/Documents and Settings/Nemanja/My Documents/Visual Studio 2008/Projects/PolovniAutomobili/PolAutDataTest/bin/Debug/TestProject1.DLL" adapterTypeName="Microsoft.VisualStudio.TestTools.TestTypes.Unit.UnitTestAdapter, Microsoft.VisualStudio.QualityTools.Tips.UnitTest.Adapter, Version=10.0.0.0, Culture=neutral, PublicKeyToken=b03f5f7f11d50a3a" className="PolAutDataTest.Providers.Firebird.TestDataFirebird, TestProject1, Version=1.0.0.0, Culture=neutral, PublicKeyToken=null" name="OpenConnection" />
    </UnitTest>
  </TestDefinitions>
  <TestLists>
    <TestList name="Results Not in a List" id="8c84fa94-04c1-424b-9868-57a2d4851a1d" />
    <TestList name="All Loaded Results" id="19431567-8539-422a-85d7-44ee4e166bda" />
  </TestLists>
  <TestEntries>
    <TestEntry testId="53dc12fa-38cb-6ac0-e861-f7a415fc515d" executionId="e8710475-a0d6-4220-b2ed-e3382252be0d" testListId="8c84fa94-04c1-424b-9868-57a2d4851a1d" />
    <TestEntry testId="d159f183-296c-e63b-ea6d-79db194b1732" executionId="47af8d89-eb8e-4341-a0e3-eba8d3fbad54" testListId="8c84fa94-04c1-424b-9868-57a2d4851a1d" />
  </TestEntries>
  <Results>
    <UnitTestResult executionId="e8710475-a0d6-4220-b2ed-e3382252be0d" testId="53dc12fa-38cb-6ac0-e861-f7a415fc515d" testName="OpenConnection" computerName="DNEVNA-SOBA" duration="00:00:00.3162387" startTime="2014-03-01T02:20:50.7656250+01:00" endTime="2014-03-01T02:20:51.5156250+01:00" testType="13cdc9d9-ddb5-4fa4-a97d-d965ccfc6d4b" outcome="Passed" testListId="8c84fa94-04c1-424b-9868-57a2d4851a1d" relativeResultsDirectory="e8710475-a0d6-4220-b2ed-e3382252be0d">
    </UnitTestResult>
    <UnitTestResult executionId="47af8d89-eb8e-4341-a0e3-eba8d3fbad54" testId="d159f183-296c-e63b-ea6d-79db194b1732" testName="CloseConnection" computerName="DNEVNA-SOBA" duration="00:00:00.2735962" startTime="2014-03-01T02:20:51.5312500+01:00" endTime="2014-03-01T02:20:51.8125000+01:00" testType="13cdc9d9-ddb5-4fa4-a97d-d965ccfc6d4b" outcome="Passed" testListId="8c84fa94-04c1-424b-9868-57a2d4851a1d" relativeResultsDirectory="47af8d89-eb8e-4341-a0e3-eba8d3fbad54">
    </UnitTestResult>
  </Results>
</TestRun>