<?xml version="1.0" encoding="UTF-8"?>
<TestRun id="d1337c9a-423b-4fb2-9c0b-590bdc023e33" name="Nemanja@DNEVNA-SOBA 2014-04-02 00:34:46" runUser="DNEVNA-SOBA\Nemanja" xmlns="http://microsoft.com/schemas/VisualStudio/TeamTest/2010">
  <TestSettings name="Local" id="e92095fd-dfc3-4560-8d1f-742883501953">
    <Description>These are default test settings for a local test run.</Description>
    <Deployment enabled="false" runDeploymentRoot="Nemanja_DNEVNA-SOBA 2014-04-02 00_34_46">
      <DeploymentItem filename="C:\Projekti\PolovniAutomobili\trunk\PolAutData\bin\Debug\PolAutData.dll" />
    </Deployment>
    <Execution>
      <TestTypeSpecific />
      <AgentRule name="Execution Agents">
      </AgentRule>
    </Execution>
  </TestSettings>
  <Times creation="2014-04-02T00:34:46.4531250+02:00" queuing="2014-04-02T00:34:46.5000000+02:00" start="2014-04-02T00:34:46.9531250+02:00" finish="2014-04-02T00:34:48.9687500+02:00" />
  <ResultSummary outcome="Completed">
    <Counters total="7" executed="7" passed="7" error="0" failed="0" timeout="0" aborted="0" inconclusive="0" passedButRunAborted="0" notRunnable="0" notExecuted="0" disconnected="0" warning="0" completed="0" inProgress="0" pending="0" />
  </ResultSummary>
  <TestDefinitions>
    <UnitTest name="DropTestTable" storage="c:\projekti\polovniautomobili\trunk\polautdatatest\bin\debug\testproject1.dll" id="b9d3826e-3e73-ce77-ad2b-94c635f7b968">
      <Execution id="d48619ec-a489-4c15-a033-9620e0cb247a" />
      <TestMethod codeBase="C:/Projekti/PolovniAutomobili/trunk/PolAutDataTest/bin/Debug/TestProject1.DLL" adapterTypeName="Microsoft.VisualStudio.TestTools.TestTypes.Unit.UnitTestAdapter, Microsoft.VisualStudio.QualityTools.Tips.UnitTest.Adapter, Version=10.0.0.0, Culture=neutral, PublicKeyToken=b03f5f7f11d50a3a" className="PolAutDataTest.Provider.Firebird.TestDataFirebird, TestProject1, Version=1.0.0.0, Culture=neutral, PublicKeyToken=null" name="DropTestTable" />
    </UnitTest>
    <UnitTest name="InsertRowInTestTable" storage="c:\projekti\polovniautomobili\trunk\polautdatatest\bin\debug\testproject1.dll" id="f45de7aa-3c98-f035-347c-56ba731807b8">
      <Execution id="30c8fbd0-9279-4296-a76f-d0c793eee893" />
      <TestMethod codeBase="C:/Projekti/PolovniAutomobili/trunk/PolAutDataTest/bin/Debug/TestProject1.DLL" adapterTypeName="Microsoft.VisualStudio.TestTools.TestTypes.Unit.UnitTestAdapter, Microsoft.VisualStudio.QualityTools.Tips.UnitTest.Adapter, Version=10.0.0.0, Culture=neutral, PublicKeyToken=b03f5f7f11d50a3a" className="PolAutDataTest.Provider.Firebird.TestDataFirebird, TestProject1, Version=1.0.0.0, Culture=neutral, PublicKeyToken=null" name="InsertRowInTestTable" />
    </UnitTest>
    <UnitTest name="CloseConnection" storage="c:\projekti\polovniautomobili\trunk\polautdatatest\bin\debug\testproject1.dll" id="6c46d5aa-8e61-7ba9-376d-9b38de20e8da">
      <Execution id="26dc4ee7-c09d-4824-bc72-3abc0f6666a5" />
      <TestMethod codeBase="C:/Projekti/PolovniAutomobili/trunk/PolAutDataTest/bin/Debug/TestProject1.DLL" adapterTypeName="Microsoft.VisualStudio.TestTools.TestTypes.Unit.UnitTestAdapter, Microsoft.VisualStudio.QualityTools.Tips.UnitTest.Adapter, Version=10.0.0.0, Culture=neutral, PublicKeyToken=b03f5f7f11d50a3a" className="PolAutDataTest.Provider.Firebird.TestDataFirebird, TestProject1, Version=1.0.0.0, Culture=neutral, PublicKeyToken=null" name="CloseConnection" />
    </UnitTest>
    <UnitTest name="OpenConnection" storage="c:\projekti\polovniautomobili\trunk\polautdatatest\bin\debug\testproject1.dll" id="735ecec0-232a-13fd-18ba-fc6df8e2434b">
      <Execution id="c3933183-4313-47ec-ac96-ebe7c3f6f7c7" />
      <TestMethod codeBase="C:/Projekti/PolovniAutomobili/trunk/PolAutDataTest/bin/Debug/TestProject1.DLL" adapterTypeName="Microsoft.VisualStudio.TestTools.TestTypes.Unit.UnitTestAdapter, Microsoft.VisualStudio.QualityTools.Tips.UnitTest.Adapter, Version=10.0.0.0, Culture=neutral, PublicKeyToken=b03f5f7f11d50a3a" className="PolAutDataTest.Provider.Firebird.TestDataFirebird, TestProject1, Version=1.0.0.0, Culture=neutral, PublicKeyToken=null" name="OpenConnection" />
    </UnitTest>
    <OrderedTest name="OrderedTest1" storage="c:\projekti\polovniautomobili\trunk\polautdatatest\orderedtest1.orderedtest" id="b42cccd0-bb62-4eaf-a32b-c4071797a652" continueAfterFailure="true">
      <Execution id="aad404d7-fffd-48bd-bc71-0855dbcdc128" />
      <TestLinks>
        <TestLink id="735ecec0-232a-13fd-18ba-fc6df8e2434b" name="OpenConnection" storage="bin\debug\testproject1.dll" type="Microsoft.VisualStudio.TestTools.TestTypes.Unit.UnitTestElement, Microsoft.VisualStudio.QualityTools.Tips.UnitTest.ObjectModel, Version=10.0.0.0, Culture=neutral, PublicKeyToken=b03f5f7f11d50a3a" />
        <TestLink id="6c46d5aa-8e61-7ba9-376d-9b38de20e8da" name="CloseConnection" storage="bin\debug\testproject1.dll" type="Microsoft.VisualStudio.TestTools.TestTypes.Unit.UnitTestElement, Microsoft.VisualStudio.QualityTools.Tips.UnitTest.ObjectModel, Version=10.0.0.0, Culture=neutral, PublicKeyToken=b03f5f7f11d50a3a" />
        <TestLink id="86526eb2-0c5b-0103-2c37-b8117662b8c8" name="DatabaseVersionIs_2_5_0" storage="bin\debug\testproject1.dll" type="Microsoft.VisualStudio.TestTools.TestTypes.Unit.UnitTestElement, Microsoft.VisualStudio.QualityTools.Tips.UnitTest.ObjectModel, Version=10.0.0.0, Culture=neutral, PublicKeyToken=b03f5f7f11d50a3a" />
        <TestLink id="9574a0b1-25f0-7042-a6f9-5c873bbbac0a" name="CreateTestTable" storage="bin\debug\testproject1.dll" type="Microsoft.VisualStudio.TestTools.TestTypes.Unit.UnitTestElement, Microsoft.VisualStudio.QualityTools.Tips.UnitTest.ObjectModel, Version=10.0.0.0, Culture=neutral, PublicKeyToken=b03f5f7f11d50a3a" />
        <TestLink id="f45de7aa-3c98-f035-347c-56ba731807b8" name="InsertRowInTestTable" storage="bin\debug\testproject1.dll" type="Microsoft.VisualStudio.TestTools.TestTypes.Unit.UnitTestElement, Microsoft.VisualStudio.QualityTools.Tips.UnitTest.ObjectModel, Version=10.0.0.0, Culture=neutral, PublicKeyToken=b03f5f7f11d50a3a" />
        <TestLink id="b9d3826e-3e73-ce77-ad2b-94c635f7b968" name="DropTestTable" storage="bin\debug\testproject1.dll" type="Microsoft.VisualStudio.TestTools.TestTypes.Unit.UnitTestElement, Microsoft.VisualStudio.QualityTools.Tips.UnitTest.ObjectModel, Version=10.0.0.0, Culture=neutral, PublicKeyToken=b03f5f7f11d50a3a" />
      </TestLinks>
    </OrderedTest>
    <UnitTest name="DatabaseVersionIs_2_5_0" storage="c:\projekti\polovniautomobili\trunk\polautdatatest\bin\debug\testproject1.dll" id="86526eb2-0c5b-0103-2c37-b8117662b8c8">
      <Execution id="20c4cfbd-eefd-4370-bcfa-dc3cd5042b5e" />
      <TestMethod codeBase="C:/Projekti/PolovniAutomobili/trunk/PolAutDataTest/bin/Debug/TestProject1.DLL" adapterTypeName="Microsoft.VisualStudio.TestTools.TestTypes.Unit.UnitTestAdapter, Microsoft.VisualStudio.QualityTools.Tips.UnitTest.Adapter, Version=10.0.0.0, Culture=neutral, PublicKeyToken=b03f5f7f11d50a3a" className="PolAutDataTest.Provider.Firebird.TestDataFirebird, TestProject1, Version=1.0.0.0, Culture=neutral, PublicKeyToken=null" name="DatabaseVersionIs_2_5_0" />
    </UnitTest>
    <UnitTest name="CreateTestTable" storage="c:\projekti\polovniautomobili\trunk\polautdatatest\bin\debug\testproject1.dll" id="9574a0b1-25f0-7042-a6f9-5c873bbbac0a">
      <Execution id="67747c3b-2cd2-4d3a-8fcb-18b922d8a01b" />
      <TestMethod codeBase="C:/Projekti/PolovniAutomobili/trunk/PolAutDataTest/bin/Debug/TestProject1.DLL" adapterTypeName="Microsoft.VisualStudio.TestTools.TestTypes.Unit.UnitTestAdapter, Microsoft.VisualStudio.QualityTools.Tips.UnitTest.Adapter, Version=10.0.0.0, Culture=neutral, PublicKeyToken=b03f5f7f11d50a3a" className="PolAutDataTest.Provider.Firebird.TestDataFirebird, TestProject1, Version=1.0.0.0, Culture=neutral, PublicKeyToken=null" name="CreateTestTable" />
    </UnitTest>
  </TestDefinitions>
  <TestLists>
    <TestList name="Results Not in a List" id="8c84fa94-04c1-424b-9868-57a2d4851a1d" />
    <TestList name="All Loaded Results" id="19431567-8539-422a-85d7-44ee4e166bda" />
  </TestLists>
  <TestEntries>
    <TestEntry testId="b42cccd0-bb62-4eaf-a32b-c4071797a652" executionId="aad404d7-fffd-48bd-bc71-0855dbcdc128" testListId="8c84fa94-04c1-424b-9868-57a2d4851a1d">
      <TestEntries>
        <TestEntry testId="735ecec0-232a-13fd-18ba-fc6df8e2434b" executionId="05e16ab4-74f1-456c-9566-f6a0dd583611" parentExecutionId="aad404d7-fffd-48bd-bc71-0855dbcdc128" testListId="8c84fa94-04c1-424b-9868-57a2d4851a1d" />
        <TestEntry testId="6c46d5aa-8e61-7ba9-376d-9b38de20e8da" executionId="5b6791fa-debe-4fdf-b64a-988b73302ff7" parentExecutionId="aad404d7-fffd-48bd-bc71-0855dbcdc128" testListId="8c84fa94-04c1-424b-9868-57a2d4851a1d" />
        <TestEntry testId="86526eb2-0c5b-0103-2c37-b8117662b8c8" executionId="1b46cf9a-c3a1-4165-bd19-7ffe75d6a334" parentExecutionId="aad404d7-fffd-48bd-bc71-0855dbcdc128" testListId="8c84fa94-04c1-424b-9868-57a2d4851a1d" />
        <TestEntry testId="9574a0b1-25f0-7042-a6f9-5c873bbbac0a" executionId="295a1e25-fd07-471d-bdfd-b28a20d435a4" parentExecutionId="aad404d7-fffd-48bd-bc71-0855dbcdc128" testListId="8c84fa94-04c1-424b-9868-57a2d4851a1d" />
        <TestEntry testId="f45de7aa-3c98-f035-347c-56ba731807b8" executionId="89e8ae24-c3b1-4525-ad73-701d9bb42f80" parentExecutionId="aad404d7-fffd-48bd-bc71-0855dbcdc128" testListId="8c84fa94-04c1-424b-9868-57a2d4851a1d" />
        <TestEntry testId="b9d3826e-3e73-ce77-ad2b-94c635f7b968" executionId="4bc6b825-4641-4753-b34e-c1a8a6adfe57" parentExecutionId="aad404d7-fffd-48bd-bc71-0855dbcdc128" testListId="8c84fa94-04c1-424b-9868-57a2d4851a1d" />
      </TestEntries>
    </TestEntry>
  </TestEntries>
  <Results>
    <TestResultAggregation executionId="aad404d7-fffd-48bd-bc71-0855dbcdc128" testId="b42cccd0-bb62-4eaf-a32b-c4071797a652" testName="OrderedTest1" computerName="DNEVNA-SOBA" duration="00:00:01.6499085" startTime="2014-04-02T00:34:47.0468750+02:00" endTime="2014-04-02T00:34:48.7031250+02:00" testType="ec4800e8-40e5-4ab3-8510-b8bf29b1904d" outcome="Passed" testListId="8c84fa94-04c1-424b-9868-57a2d4851a1d" relativeResultsDirectory="aad404d7-fffd-48bd-bc71-0855dbcdc128">
      <Counters error="0" failed="0" timeout="0" aborted="0" inconclusive="0" passedButRunAborted="0" notRunnable="0" notExecuted="0" disconnected="0" warning="0" passed="6" completed="0" inProgress="0" pending="0" />
      <InnerResults>
        <UnitTestResult executionId="05e16ab4-74f1-456c-9566-f6a0dd583611" parentExecutionId="aad404d7-fffd-48bd-bc71-0855dbcdc128" testId="735ecec0-232a-13fd-18ba-fc6df8e2434b" testName="OpenConnection" computerName="DNEVNA-SOBA" duration="00:00:00.2875521" startTime="2014-04-02T00:34:47.0625000+02:00" endTime="2014-04-02T00:34:47.8281250+02:00" testType="13cdc9d9-ddb5-4fa4-a97d-d965ccfc6d4b" outcome="Passed" testListId="8c84fa94-04c1-424b-9868-57a2d4851a1d" relativeResultsDirectory="05e16ab4-74f1-456c-9566-f6a0dd583611">
          <Output>
          </Output>
        </UnitTestResult>
        <UnitTestResult executionId="5b6791fa-debe-4fdf-b64a-988b73302ff7" parentExecutionId="aad404d7-fffd-48bd-bc71-0855dbcdc128" testId="6c46d5aa-8e61-7ba9-376d-9b38de20e8da" testName="CloseConnection" computerName="DNEVNA-SOBA" duration="00:00:00.1554661" startTime="2014-04-02T00:34:47.8281250+02:00" endTime="2014-04-02T00:34:48.0000000+02:00" testType="13cdc9d9-ddb5-4fa4-a97d-d965ccfc6d4b" outcome="Passed" testListId="8c84fa94-04c1-424b-9868-57a2d4851a1d" relativeResultsDirectory="5b6791fa-debe-4fdf-b64a-988b73302ff7">
          <Output>
          </Output>
        </UnitTestResult>
        <UnitTestResult executionId="1b46cf9a-c3a1-4165-bd19-7ffe75d6a334" parentExecutionId="aad404d7-fffd-48bd-bc71-0855dbcdc128" testId="86526eb2-0c5b-0103-2c37-b8117662b8c8" testName="DatabaseVersionIs_2_5_0" computerName="DNEVNA-SOBA" duration="00:00:00.1177551" startTime="2014-04-02T00:34:48.0000000+02:00" endTime="2014-04-02T00:34:48.1250000+02:00" testType="13cdc9d9-ddb5-4fa4-a97d-d965ccfc6d4b" outcome="Passed" testListId="8c84fa94-04c1-424b-9868-57a2d4851a1d" relativeResultsDirectory="1b46cf9a-c3a1-4165-bd19-7ffe75d6a334">
          <Output>
          </Output>
        </UnitTestResult>
        <UnitTestResult executionId="295a1e25-fd07-471d-bdfd-b28a20d435a4" parentExecutionId="aad404d7-fffd-48bd-bc71-0855dbcdc128" testId="9574a0b1-25f0-7042-a6f9-5c873bbbac0a" testName="CreateTestTable" computerName="DNEVNA-SOBA" duration="00:00:00.2985926" startTime="2014-04-02T00:34:48.1250000+02:00" endTime="2014-04-02T00:34:48.4531250+02:00" testType="13cdc9d9-ddb5-4fa4-a97d-d965ccfc6d4b" outcome="Passed" testListId="8c84fa94-04c1-424b-9868-57a2d4851a1d" relativeResultsDirectory="295a1e25-fd07-471d-bdfd-b28a20d435a4">
          <Output>
          </Output>
        </UnitTestResult>
        <UnitTestResult executionId="89e8ae24-c3b1-4525-ad73-701d9bb42f80" parentExecutionId="aad404d7-fffd-48bd-bc71-0855dbcdc128" testId="f45de7aa-3c98-f035-347c-56ba731807b8" testName="InsertRowInTestTable" computerName="DNEVNA-SOBA" duration="00:00:00.0753553" startTime="2014-04-02T00:34:48.4531250+02:00" endTime="2014-04-02T00:34:48.5468750+02:00" testType="13cdc9d9-ddb5-4fa4-a97d-d965ccfc6d4b" outcome="Passed" testListId="8c84fa94-04c1-424b-9868-57a2d4851a1d" relativeResultsDirectory="89e8ae24-c3b1-4525-ad73-701d9bb42f80">
          <Output>
          </Output>
        </UnitTestResult>
        <UnitTestResult executionId="4bc6b825-4641-4753-b34e-c1a8a6adfe57" parentExecutionId="aad404d7-fffd-48bd-bc71-0855dbcdc128" testId="b9d3826e-3e73-ce77-ad2b-94c635f7b968" testName="DropTestTable" computerName="DNEVNA-SOBA" duration="00:00:00.1470206" startTime="2014-04-02T00:34:48.5468750+02:00" endTime="2014-04-02T00:34:48.7031250+02:00" testType="13cdc9d9-ddb5-4fa4-a97d-d965ccfc6d4b" outcome="Passed" testListId="8c84fa94-04c1-424b-9868-57a2d4851a1d" relativeResultsDirectory="4bc6b825-4641-4753-b34e-c1a8a6adfe57">
          <Output>
          </Output>
        </UnitTestResult>
      </InnerResults>
    </TestResultAggregation>
  </Results>
</TestRun>