<?xml version="1.0" encoding="UTF-8"?>
<TestRun id="1148414b-a316-4cc5-9853-232bd74f0459" name="Nemanja@DNEVNA-SOBA 2014-03-15 01:16:58" runUser="DNEVNA-SOBA\Nemanja" xmlns="http://microsoft.com/schemas/VisualStudio/TeamTest/2010">
  <TestSettings name="Local" id="e92095fd-dfc3-4560-8d1f-742883501953">
    <Description>These are default test settings for a local test run.</Description>
    <Deployment enabled="false" runDeploymentRoot="Nemanja_DNEVNA-SOBA 2014-03-15 01_16_58">
      <DeploymentItem filename="C:\Documents and Settings\Nemanja\My Documents\Visual Studio 2008\Projects\PolovniAutomobili\PolAutData\bin\Debug\PolAutData.dll" />
    </Deployment>
    <Execution>
      <TestTypeSpecific />
      <AgentRule name="Execution Agents">
      </AgentRule>
    </Execution>
  </TestSettings>
  <Times creation="2014-03-15T01:16:58.0937500+01:00" queuing="2014-03-15T01:17:08.4375000+01:00" start="2014-03-15T01:17:09.3750000+01:00" finish="2014-03-15T01:17:58.9375000+01:00" />
  <ResultSummary outcome="Completed">
    <Counters total="3" executed="3" passed="3" error="0" failed="0" timeout="0" aborted="0" inconclusive="0" passedButRunAborted="0" notRunnable="0" notExecuted="0" disconnected="0" warning="0" completed="0" inProgress="0" pending="0" />
  </ResultSummary>
  <TestDefinitions>
    <UnitTest name="OpenConnection" storage="c:\documents and settings\nemanja\my documents\visual studio 2008\projects\polovniautomobili\polautdatatest\bin\debug\testproject1.dll" id="53dc12fa-38cb-6ac0-e861-f7a415fc515d">
      <Execution id="26f85fe2-5e67-4e04-8117-2b2b01d90a47" />
      <TestMethod codeBase="C:/Documents and Settings/Nemanja/My Documents/Visual Studio 2008/Projects/PolovniAutomobili/PolAutDataTest/bin/Debug/TestProject1.DLL" adapterTypeName="Microsoft.VisualStudio.TestTools.TestTypes.Unit.UnitTestAdapter, Microsoft.VisualStudio.QualityTools.Tips.UnitTest.Adapter, Version=10.0.0.0, Culture=neutral, PublicKeyToken=b03f5f7f11d50a3a" className="PolAutDataTest.Providers.Firebird.TestDataFirebird, TestProject1, Version=1.0.0.0, Culture=neutral, PublicKeyToken=null" name="OpenConnection" />
    </UnitTest>
    <UnitTest name="DatabaseVersionIs_2_5_0" storage="c:\documents and settings\nemanja\my documents\visual studio 2008\projects\polovniautomobili\polautdatatest\bin\debug\testproject1.dll" id="fcf921b8-27a6-da72-d5f5-9f806c670fff">
      <Execution id="cf78c100-2f2e-445d-b01b-947c0c2faab4" />
      <TestMethod codeBase="C:/Documents and Settings/Nemanja/My Documents/Visual Studio 2008/Projects/PolovniAutomobili/PolAutDataTest/bin/Debug/TestProject1.DLL" adapterTypeName="Microsoft.VisualStudio.TestTools.TestTypes.Unit.UnitTestAdapter, Microsoft.VisualStudio.QualityTools.Tips.UnitTest.Adapter, Version=10.0.0.0, Culture=neutral, PublicKeyToken=b03f5f7f11d50a3a" className="PolAutDataTest.Providers.Firebird.TestDataFirebird, TestProject1, Version=1.0.0.0, Culture=neutral, PublicKeyToken=null" name="DatabaseVersionIs_2_5_0" />
    </UnitTest>
    <UnitTest name="CloseConnection" storage="c:\documents and settings\nemanja\my documents\visual studio 2008\projects\polovniautomobili\polautdatatest\bin\debug\testproject1.dll" id="d159f183-296c-e63b-ea6d-79db194b1732">
      <Execution id="bc530b1d-2b23-4701-bc5b-f6f10d9ebfad" />
      <TestMethod codeBase="C:/Documents and Settings/Nemanja/My Documents/Visual Studio 2008/Projects/PolovniAutomobili/PolAutDataTest/bin/Debug/TestProject1.DLL" adapterTypeName="Microsoft.VisualStudio.TestTools.TestTypes.Unit.UnitTestAdapter, Microsoft.VisualStudio.QualityTools.Tips.UnitTest.Adapter, Version=10.0.0.0, Culture=neutral, PublicKeyToken=b03f5f7f11d50a3a" className="PolAutDataTest.Providers.Firebird.TestDataFirebird, TestProject1, Version=1.0.0.0, Culture=neutral, PublicKeyToken=null" name="CloseConnection" />
    </UnitTest>
  </TestDefinitions>
  <TestLists>
    <TestList name="Results Not in a List" id="8c84fa94-04c1-424b-9868-57a2d4851a1d" />
    <TestList name="All Loaded Results" id="19431567-8539-422a-85d7-44ee4e166bda" />
  </TestLists>
  <TestEntries>
    <TestEntry testId="53dc12fa-38cb-6ac0-e861-f7a415fc515d" executionId="26f85fe2-5e67-4e04-8117-2b2b01d90a47" testListId="8c84fa94-04c1-424b-9868-57a2d4851a1d" />
    <TestEntry testId="d159f183-296c-e63b-ea6d-79db194b1732" executionId="bc530b1d-2b23-4701-bc5b-f6f10d9ebfad" testListId="8c84fa94-04c1-424b-9868-57a2d4851a1d" />
    <TestEntry testId="fcf921b8-27a6-da72-d5f5-9f806c670fff" executionId="cf78c100-2f2e-445d-b01b-947c0c2faab4" testListId="8c84fa94-04c1-424b-9868-57a2d4851a1d" />
  </TestEntries>
  <Results>
    <UnitTestResult executionId="26f85fe2-5e67-4e04-8117-2b2b01d90a47" testId="53dc12fa-38cb-6ac0-e861-f7a415fc515d" testName="OpenConnection" computerName="DNEVNA-SOBA" duration="00:00:36.0525756" startTime="2014-03-15T01:17:09.5781250+01:00" endTime="2014-03-15T01:17:50.4843750+01:00" testType="13cdc9d9-ddb5-4fa4-a97d-d965ccfc6d4b" outcome="Passed" testListId="8c84fa94-04c1-424b-9868-57a2d4851a1d" relativeResultsDirectory="26f85fe2-5e67-4e04-8117-2b2b01d90a47">
    </UnitTestResult>
    <UnitTestResult executionId="bc530b1d-2b23-4701-bc5b-f6f10d9ebfad" testId="d159f183-296c-e63b-ea6d-79db194b1732" testName="CloseConnection" computerName="DNEVNA-SOBA" duration="00:00:01.0610524" startTime="2014-03-15T01:17:50.5000000+01:00" endTime="2014-03-15T01:17:51.5781250+01:00" testType="13cdc9d9-ddb5-4fa4-a97d-d965ccfc6d4b" outcome="Passed" testListId="8c84fa94-04c1-424b-9868-57a2d4851a1d" relativeResultsDirectory="bc530b1d-2b23-4701-bc5b-f6f10d9ebfad">
    </UnitTestResult>
    <UnitTestResult executionId="cf78c100-2f2e-445d-b01b-947c0c2faab4" testId="fcf921b8-27a6-da72-d5f5-9f806c670fff" testName="DatabaseVersionIs_2_5_0" computerName="DNEVNA-SOBA" duration="00:00:06.9249907" startTime="2014-03-15T01:17:51.5937500+01:00" endTime="2014-03-15T01:17:58.5312500+01:00" testType="13cdc9d9-ddb5-4fa4-a97d-d965ccfc6d4b" outcome="Passed" testListId="8c84fa94-04c1-424b-9868-57a2d4851a1d" relativeResultsDirectory="cf78c100-2f2e-445d-b01b-947c0c2faab4">
    </UnitTestResult>
  </Results>
</TestRun>